2023-05-12 13:55:51,472 [INFO] c.o.Application [restartedMain] Starting Application using Java 17.0.5 with PID 18448 (C:\Users\anilkumar.hugar\sts\OrganizationManagement1.0\target\classes started by anilkumar.hugar in C:\Users\anilkumar.hugar\sts\OrganizationManagement1.0)
2023-05-12 13:55:51,473 [DEBUG] c.o.Application [restartedMain] Running with Spring Boot v3.0.4, Spring v6.0.6
2023-05-12 13:55:51,473 [INFO] c.o.Application [restartedMain] No active profile set, falling back to 1 default profile: "default"
2023-05-12 13:55:51,787 [INFO] o.s.d.r.c.RepositoryConfigurationDelegate [restartedMain] Bootstrapping Spring Data JPA repositories in DEFAULT mode.
2023-05-12 13:55:51,812 [INFO] o.s.d.r.c.RepositoryConfigurationDelegate [restartedMain] Finished Spring Data repository scanning in 23 ms. Found 3 JPA repository interfaces.
2023-05-12 13:55:51,972 [INFO] o.s.b.w.e.t.TomcatWebServer [restartedMain] Tomcat initialized with port(s): 9090 (http)
2023-05-12 13:55:51,973 [INFO] o.a.c.c.StandardService [restartedMain] Starting service [Tomcat]
2023-05-12 13:55:51,974 [INFO] o.a.c.c.StandardEngine [restartedMain] Starting Servlet engine: [Apache Tomcat/10.1.5]
2023-05-12 13:55:52,016 [INFO] o.a.c.c.C.[.[.[/] [restartedMain] Initializing Spring embedded WebApplicationContext
2023-05-12 13:55:52,017 [INFO] o.s.b.w.s.c.ServletWebServerApplicationContext [restartedMain] Root WebApplicationContext: initialization completed in 539 ms
2023-05-12 13:55:52,048 [INFO] c.z.h.HikariDataSource [restartedMain] HikariPool-3 - Starting...
2023-05-12 13:55:52,122 [INFO] c.z.h.p.HikariPool [restartedMain] HikariPool-3 - Added connection org.postgresql.jdbc.PgConnection@469c913b
2023-05-12 13:55:52,122 [INFO] c.z.h.HikariDataSource [restartedMain] HikariPool-3 - Start completed.
2023-05-12 13:55:52,123 [INFO] o.s.b.a.h.H2ConsoleAutoConfiguration [restartedMain] H2 console available at '/h2-console'. Database available at 'jdbc:postgresql://localhost:5432/organizationDatabase'
2023-05-12 13:55:52,162 [INFO] o.h.j.i.u.LogHelper [restartedMain] HHH000204: Processing PersistenceUnitInfo [name: default]
2023-05-12 13:55:52,168 [DEBUG] o.h.t.d.j.s.JdbcTypeRegistry [restartedMain] addDescriptor(FloatTypeDescriptor) replaced previous registration(DoubleTypeDescriptor)
2023-05-12 13:55:52,168 [DEBUG] o.h.t.BasicTypeRegistry [restartedMain] Adding type registration boolean -> org.hibernate.type.BasicTypeReference@13da1d83
2023-05-12 13:55:52,169 [DEBUG] o.h.t.BasicTypeRegistry [restartedMain] Adding type registration boolean -> org.hibernate.type.BasicTypeReference@13da1d83
2023-05-12 13:55:52,169 [DEBUG] o.h.t.BasicTypeRegistry [restartedMain] Adding type registration java.lang.Boolean -> org.hibernate.type.BasicTypeReference@13da1d83
2023-05-12 13:55:52,169 [DEBUG] o.h.t.BasicTypeRegistry [restartedMain] Adding type registration numeric_boolean -> org.hibernate.type.BasicTypeReference@75986961
2023-05-12 13:55:52,169 [DEBUG] o.h.t.BasicTypeRegistry [restartedMain] Adding type registration org.hibernate.type.NumericBooleanConverter -> org.hibernate.type.BasicTypeReference@75986961
2023-05-12 13:55:52,169 [DEBUG] o.h.t.BasicTypeRegistry [restartedMain] Adding type registration true_false -> org.hibernate.type.BasicTypeReference@8657758
2023-05-12 13:55:52,169 [DEBUG] o.h.t.BasicTypeRegistry [restartedMain] Adding type registration org.hibernate.type.TrueFalseConverter -> org.hibernate.type.BasicTypeReference@8657758
2023-05-12 13:55:52,169 [DEBUG] o.h.t.BasicTypeRegistry [restartedMain] Adding type registration yes_no -> org.hibernate.type.BasicTypeReference@75056c2d
2023-05-12 13:55:52,169 [DEBUG] o.h.t.BasicTypeRegistry [restartedMain] Adding type registration org.hibernate.type.YesNoConverter -> org.hibernate.type.BasicTypeReference@75056c2d
2023-05-12 13:55:52,169 [DEBUG] o.h.t.BasicTypeRegistry [restartedMain] Adding type registration byte -> org.hibernate.type.BasicTypeReference@3670510b
2023-05-12 13:55:52,170 [DEBUG] o.h.t.BasicTypeRegistry [restartedMain] Adding type registration byte -> org.hibernate.type.BasicTypeReference@3670510b
2023-05-12 13:55:52,170 [DEBUG] o.h.t.BasicTypeRegistry [restartedMain] Adding type registration java.lang.Byte -> org.hibernate.type.BasicTypeReference@3670510b
2023-05-12 13:55:52,170 [DEBUG] o.h.t.BasicTypeRegistry [restartedMain] Adding type registration binary -> org.hibernate.type.BasicTypeReference@15e5c5
2023-05-12 13:55:52,170 [DEBUG] o.h.t.BasicTypeRegistry [restartedMain] Adding type registration byte[] -> org.hibernate.type.BasicTypeReference@15e5c5
2023-05-12 13:55:52,170 [DEBUG] o.h.t.BasicTypeRegistry [restartedMain] Adding type registration [B -> org.hibernate.type.BasicTypeReference@15e5c5
2023-05-12 13:55:52,170 [DEBUG] o.h.t.BasicTypeRegistry [restartedMain] Adding type registration binary_wrapper -> org.hibernate.type.BasicTypeReference@23e99d28
2023-05-12 13:55:52,170 [DEBUG] o.h.t.BasicTypeRegistry [restartedMain] Adding type registration wrapper-binary -> org.hibernate.type.BasicTypeReference@23e99d28
2023-05-12 13:55:52,172 [DEBUG] o.h.t.BasicTypeRegistry [restartedMain] Adding type registration Byte[] -> org.hibernate.type.BasicTypeReference@23e99d28
2023-05-12 13:55:52,172 [DEBUG] o.h.t.BasicTypeRegistry [restartedMain] Adding type registration [Ljava.lang.Byte; -> org.hibernate.type.BasicTypeReference@23e99d28
2023-05-12 13:55:52,172 [DEBUG] o.h.t.BasicTypeRegistry [restartedMain] Adding type registration image -> org.hibernate.type.BasicTypeReference@7dd3e97c
2023-05-12 13:55:52,172 [DEBUG] o.h.t.BasicTypeRegistry [restartedMain] Adding type registration blob -> org.hibernate.type.BasicTypeReference@499f07c4
2023-05-12 13:55:52,172 [DEBUG] o.h.t.BasicTypeRegistry [restartedMain] Adding type registration java.sql.Blob -> org.hibernate.type.BasicTypeReference@499f07c4
2023-05-12 13:55:52,172 [DEBUG] o.h.t.BasicTypeRegistry [restartedMain] Adding type registration materialized_blob -> org.hibernate.type.BasicTypeReference@668bf8ff
2023-05-12 13:55:52,172 [DEBUG] o.h.t.BasicTypeRegistry [restartedMain] Adding type registration materialized_blob_wrapper -> org.hibernate.type.BasicTypeReference@96429db
2023-05-12 13:55:52,172 [DEBUG] o.h.t.BasicTypeRegistry [restartedMain] Adding type registration short -> org.hibernate.type.BasicTypeReference@6b9ea982
2023-05-12 13:55:52,173 [DEBUG] o.h.t.BasicTypeRegistry [restartedMain] Adding type registration short -> org.hibernate.type.BasicTypeReference@6b9ea982
2023-05-12 13:55:52,173 [DEBUG] o.h.t.BasicTypeRegistry [restartedMain] Adding type registration java.lang.Short -> org.hibernate.type.BasicTypeReference@6b9ea982
2023-05-12 13:55:52,173 [DEBUG] o.h.t.BasicTypeRegistry [restartedMain] Adding type registration integer -> org.hibernate.type.BasicTypeReference@5a8e3212
2023-05-12 13:55:52,174 [DEBUG] o.h.t.BasicTypeRegistry [restartedMain] Adding type registration int -> org.hibernate.type.BasicTypeReference@5a8e3212
2023-05-12 13:55:52,174 [DEBUG] o.h.t.BasicTypeRegistry [restartedMain] Adding type registration java.lang.Integer -> org.hibernate.type.BasicTypeReference@5a8e3212
2023-05-12 13:55:52,174 [DEBUG] o.h.t.BasicTypeRegistry [restartedMain] Adding type registration long -> org.hibernate.type.BasicTypeReference@63fb75bc
2023-05-12 13:55:52,174 [DEBUG] o.h.t.BasicTypeRegistry [restartedMain] Adding type registration long -> org.hibernate.type.BasicTypeReference@63fb75bc
2023-05-12 13:55:52,174 [DEBUG] o.h.t.BasicTypeRegistry [restartedMain] Adding type registration java.lang.Long -> org.hibernate.type.BasicTypeReference@63fb75bc
2023-05-12 13:55:52,175 [DEBUG] o.h.t.BasicTypeRegistry [restartedMain] Adding type registration float -> org.hibernate.type.BasicTypeReference@4b79a2e9
2023-05-12 13:55:52,175 [DEBUG] o.h.t.BasicTypeRegistry [restartedMain] Adding type registration float -> org.hibernate.type.BasicTypeReference@4b79a2e9
2023-05-12 13:55:52,175 [DEBUG] o.h.t.BasicTypeRegistry [restartedMain] Adding type registration java.lang.Float -> org.hibernate.type.BasicTypeReference@4b79a2e9
2023-05-12 13:55:52,175 [DEBUG] o.h.t.BasicTypeRegistry [restartedMain] Adding type registration double -> org.hibernate.type.BasicTypeReference@55b5d0bd
2023-05-12 13:55:52,175 [DEBUG] o.h.t.BasicTypeRegistry [restartedMain] Adding type registration double -> org.hibernate.type.BasicTypeReference@55b5d0bd
2023-05-12 13:55:52,175 [DEBUG] o.h.t.BasicTypeRegistry [restartedMain] Adding type registration java.lang.Double -> org.hibernate.type.BasicTypeReference@55b5d0bd
2023-05-12 13:55:52,218 [DEBUG] o.h.t.BasicTypeRegistry [restartedMain] Adding type registration big_integer -> org.hibernate.type.BasicTypeReference@7e8076bb
2023-05-12 13:55:52,218 [DEBUG] o.h.t.BasicTypeRegistry [restartedMain] Adding type registration java.math.BigInteger -> org.hibernate.type.BasicTypeReference@7e8076bb
2023-05-12 13:55:52,219 [DEBUG] o.h.t.BasicTypeRegistry [restartedMain] Adding type registration big_decimal -> org.hibernate.type.BasicTypeReference@466eaa42
2023-05-12 13:55:52,219 [DEBUG] o.h.t.BasicTypeRegistry [restartedMain] Adding type registration java.math.BigDecimal -> org.hibernate.type.BasicTypeReference@466eaa42
2023-05-12 13:55:52,219 [DEBUG] o.h.t.BasicTypeRegistry [restartedMain] Adding type registration character -> org.hibernate.type.BasicTypeReference@4006268c
2023-05-12 13:55:52,219 [DEBUG] o.h.t.BasicTypeRegistry [restartedMain] Adding type registration char -> org.hibernate.type.BasicTypeReference@4006268c
2023-05-12 13:55:52,219 [DEBUG] o.h.t.BasicTypeRegistry [restartedMain] Adding type registration java.lang.Character -> org.hibernate.type.BasicTypeReference@4006268c
2023-05-12 13:55:52,219 [DEBUG] o.h.t.BasicTypeRegistry [restartedMain] Adding type registration character_nchar -> org.hibernate.type.BasicTypeReference@3b4d2609
2023-05-12 13:55:52,219 [DEBUG] o.h.t.BasicTypeRegistry [restartedMain] Adding type registration string -> org.hibernate.type.BasicTypeReference@4685ba75
2023-05-12 13:55:52,220 [DEBUG] o.h.t.BasicTypeRegistry [restartedMain] Adding type registration java.lang.String -> org.hibernate.type.BasicTypeReference@4685ba75
2023-05-12 13:55:52,220 [DEBUG] o.h.t.BasicTypeRegistry [restartedMain] Adding type registration nstring -> org.hibernate.type.BasicTypeReference@758a245d
2023-05-12 13:55:52,220 [DEBUG] o.h.t.BasicTypeRegistry [restartedMain] Adding type registration characters -> org.hibernate.type.BasicTypeReference@4c94e26
2023-05-12 13:55:52,220 [DEBUG] o.h.t.BasicTypeRegistry [restartedMain] Adding type registration char[] -> org.hibernate.type.BasicTypeReference@4c94e26
2023-05-12 13:55:52,220 [DEBUG] o.h.t.BasicTypeRegistry [restartedMain] Adding type registration [C -> org.hibernate.type.BasicTypeReference@4c94e26
2023-05-12 13:55:52,220 [DEBUG] o.h.t.BasicTypeRegistry [restartedMain] Adding type registration wrapper-characters -> org.hibernate.type.BasicTypeReference@56e64dd8
2023-05-12 13:55:52,221 [DEBUG] o.h.t.BasicTypeRegistry [restartedMain] Adding type registration [Ljava.lang.Character; -> org.hibernate.type.BasicTypeReference@56e64dd8
2023-05-12 13:55:52,221 [DEBUG] o.h.t.BasicTypeRegistry [restartedMain] Adding type registration Character[] -> org.hibernate.type.BasicTypeReference@56e64dd8
2023-05-12 13:55:52,221 [DEBUG] o.h.t.BasicTypeRegistry [restartedMain] Adding type registration text -> org.hibernate.type.BasicTypeReference@3d5b1363
2023-05-12 13:55:52,221 [DEBUG] o.h.t.BasicTypeRegistry [restartedMain] Adding type registration ntext -> org.hibernate.type.BasicTypeReference@19577059
2023-05-12 13:55:52,221 [DEBUG] o.h.t.BasicTypeRegistry [restartedMain] Adding type registration clob -> org.hibernate.type.BasicTypeReference@5721a52b
2023-05-12 13:55:52,221 [DEBUG] o.h.t.BasicTypeRegistry [restartedMain] Adding type registration java.sql.Clob -> org.hibernate.type.BasicTypeReference@5721a52b
2023-05-12 13:55:52,222 [DEBUG] o.h.t.BasicTypeRegistry [restartedMain] Adding type registration nclob -> org.hibernate.type.BasicTypeReference@334daa9a
2023-05-12 13:55:52,222 [DEBUG] o.h.t.BasicTypeRegistry [restartedMain] Adding type registration java.sql.NClob -> org.hibernate.type.BasicTypeReference@334daa9a
2023-05-12 13:55:52,222 [DEBUG] o.h.t.BasicTypeRegistry [restartedMain] Adding type registration materialized_clob -> org.hibernate.type.BasicTypeReference@5668779b
2023-05-12 13:55:52,222 [DEBUG] o.h.t.BasicTypeRegistry [restartedMain] Adding type registration materialized_clob_char_array -> org.hibernate.type.BasicTypeReference@749f10b7
2023-05-12 13:55:52,222 [DEBUG] o.h.t.BasicTypeRegistry [restartedMain] Adding type registration materialized_clob_character_array -> org.hibernate.type.BasicTypeReference@2ecdebf2
2023-05-12 13:55:52,222 [DEBUG] o.h.t.BasicTypeRegistry [restartedMain] Adding type registration materialized_nclob -> org.hibernate.type.BasicTypeReference@700a8dcb
2023-05-12 13:55:52,222 [DEBUG] o.h.t.BasicTypeRegistry [restartedMain] Adding type registration materialized_nclob_character_array -> org.hibernate.type.BasicTypeReference@65cbe8fe
2023-05-12 13:55:52,223 [DEBUG] o.h.t.BasicTypeRegistry [restartedMain] Adding type registration materialized_nclob_char_array -> org.hibernate.type.BasicTypeReference@695d4658
2023-05-12 13:55:52,223 [DEBUG] o.h.t.BasicTypeRegistry [restartedMain] Adding type registration Duration -> org.hibernate.type.BasicTypeReference@288ea2fa
2023-05-12 13:55:52,223 [DEBUG] o.h.t.BasicTypeRegistry [restartedMain] Adding type registration java.time.Duration -> org.hibernate.type.BasicTypeReference@288ea2fa
2023-05-12 13:55:52,223 [DEBUG] o.h.t.BasicTypeRegistry [restartedMain] Adding type registration LocalDateTime -> org.hibernate.type.BasicTypeReference@c4e16f5
2023-05-12 13:55:52,223 [DEBUG] o.h.t.BasicTypeRegistry [restartedMain] Adding type registration java.time.LocalDateTime -> org.hibernate.type.BasicTypeReference@c4e16f5
2023-05-12 13:55:52,223 [DEBUG] o.h.t.BasicTypeRegistry [restartedMain] Adding type registration LocalDate -> org.hibernate.type.BasicTypeReference@3678939a
2023-05-12 13:55:52,223 [DEBUG] o.h.t.BasicTypeRegistry [restartedMain] Adding type registration java.time.LocalDate -> org.hibernate.type.BasicTypeReference@3678939a
2023-05-12 13:55:52,223 [DEBUG] o.h.t.BasicTypeRegistry [restartedMain] Adding type registration LocalTime -> org.hibernate.type.BasicTypeReference@35947c8b
2023-05-12 13:55:52,223 [DEBUG] o.h.t.BasicTypeRegistry [restartedMain] Adding type registration java.time.LocalTime -> org.hibernate.type.BasicTypeReference@35947c8b
2023-05-12 13:55:52,223 [DEBUG] o.h.t.BasicTypeRegistry [restartedMain] Adding type registration OffsetDateTime -> org.hibernate.type.BasicTypeReference@685081b1
2023-05-12 13:55:52,223 [DEBUG] o.h.t.BasicTypeRegistry [restartedMain] Adding type registration java.time.OffsetDateTime -> org.hibernate.type.BasicTypeReference@685081b1
2023-05-12 13:55:52,224 [DEBUG] o.h.t.BasicTypeRegistry [restartedMain] Adding type registration OffsetDateTimeWithTimezone -> org.hibernate.type.BasicTypeReference@1455dbf0
2023-05-12 13:55:52,224 [DEBUG] o.h.t.BasicTypeRegistry [restartedMain] Adding type registration OffsetDateTimeWithoutTimezone -> org.hibernate.type.BasicTypeReference@66437ea3
2023-05-12 13:55:52,224 [DEBUG] o.h.t.BasicTypeRegistry [restartedMain] Adding type registration OffsetTime -> org.hibernate.type.BasicTypeReference@702536c4
2023-05-12 13:55:52,224 [DEBUG] o.h.t.BasicTypeRegistry [restartedMain] Adding type registration java.time.OffsetTime -> org.hibernate.type.BasicTypeReference@702536c4
2023-05-12 13:55:52,224 [DEBUG] o.h.t.BasicTypeRegistry [restartedMain] Adding type registration ZonedDateTime -> org.hibernate.type.BasicTypeReference@1c147c78
2023-05-12 13:55:52,224 [DEBUG] o.h.t.BasicTypeRegistry [restartedMain] Adding type registration java.time.ZonedDateTime -> org.hibernate.type.BasicTypeReference@1c147c78
2023-05-12 13:55:52,224 [DEBUG] o.h.t.BasicTypeRegistry [restartedMain] Adding type registration ZonedDateTimeWithTimezone -> org.hibernate.type.BasicTypeReference@2624be51
2023-05-12 13:55:52,225 [DEBUG] o.h.t.BasicTypeRegistry [restartedMain] Adding type registration ZonedDateTimeWithoutTimezone -> org.hibernate.type.BasicTypeReference@5b6f6a50
2023-05-12 13:55:52,225 [DEBUG] o.h.t.BasicTypeRegistry [restartedMain] Adding type registration date -> org.hibernate.type.BasicTypeReference@225f4ef
2023-05-12 13:55:52,225 [DEBUG] o.h.t.BasicTypeRegistry [restartedMain] Adding type registration java.sql.Date -> org.hibernate.type.BasicTypeReference@225f4ef
2023-05-12 13:55:52,225 [DEBUG] o.h.t.BasicTypeRegistry [restartedMain] Adding type registration time -> org.hibernate.type.BasicTypeReference@3dedbf6f
2023-05-12 13:55:52,225 [DEBUG] o.h.t.BasicTypeRegistry [restartedMain] Adding type registration java.sql.Time -> org.hibernate.type.BasicTypeReference@3dedbf6f
2023-05-12 13:55:52,225 [DEBUG] o.h.t.BasicTypeRegistry [restartedMain] Adding type registration timestamp -> org.hibernate.type.BasicTypeReference@3e3858b5
2023-05-12 13:55:52,225 [DEBUG] o.h.t.BasicTypeRegistry [restartedMain] Adding type registration java.sql.Timestamp -> org.hibernate.type.BasicTypeReference@3e3858b5
2023-05-12 13:55:52,226 [DEBUG] o.h.t.BasicTypeRegistry [restartedMain] Adding type registration java.util.Date -> org.hibernate.type.BasicTypeReference@3e3858b5
2023-05-12 13:55:52,226 [DEBUG] o.h.t.BasicTypeRegistry [restartedMain] Adding type registration calendar -> org.hibernate.type.BasicTypeReference@1ea588c8
2023-05-12 13:55:52,226 [DEBUG] o.h.t.BasicTypeRegistry [restartedMain] Adding type registration java.util.Calendar -> org.hibernate.type.BasicTypeReference@1ea588c8
2023-05-12 13:55:52,226 [DEBUG] o.h.t.BasicTypeRegistry [restartedMain] Adding type registration java.util.GregorianCalendar -> org.hibernate.type.BasicTypeReference@1ea588c8
2023-05-12 13:55:52,226 [DEBUG] o.h.t.BasicTypeRegistry [restartedMain] Adding type registration calendar_date -> org.hibernate.type.BasicTypeReference@330a957f
2023-05-12 13:55:52,226 [DEBUG] o.h.t.BasicTypeRegistry [restartedMain] Adding type registration calendar_time -> org.hibernate.type.BasicTypeReference@634c52b6
2023-05-12 13:55:52,226 [DEBUG] o.h.t.BasicTypeRegistry [restartedMain] Adding type registration instant -> org.hibernate.type.BasicTypeReference@1f4d439a
2023-05-12 13:55:52,226 [DEBUG] o.h.t.BasicTypeRegistry [restartedMain] Adding type registration java.time.Instant -> org.hibernate.type.BasicTypeReference@1f4d439a
2023-05-12 13:55:52,226 [DEBUG] o.h.t.BasicTypeRegistry [restartedMain] Adding type registration uuid -> org.hibernate.type.BasicTypeReference@2d1c6b73
2023-05-12 13:55:52,226 [DEBUG] o.h.t.BasicTypeRegistry [restartedMain] Adding type registration java.util.UUID -> org.hibernate.type.BasicTypeReference@2d1c6b73
2023-05-12 13:55:52,227 [DEBUG] o.h.t.BasicTypeRegistry [restartedMain] Adding type registration pg-uuid -> org.hibernate.type.BasicTypeReference@2d1c6b73
2023-05-12 13:55:52,227 [DEBUG] o.h.t.BasicTypeRegistry [restartedMain] Adding type registration uuid-binary -> org.hibernate.type.BasicTypeReference@4a5ab2c2
2023-05-12 13:55:52,227 [DEBUG] o.h.t.BasicTypeRegistry [restartedMain] Adding type registration uuid-char -> org.hibernate.type.BasicTypeReference@4b0280dd
2023-05-12 13:55:52,227 [DEBUG] o.h.t.BasicTypeRegistry [restartedMain] Adding type registration class -> org.hibernate.type.BasicTypeReference@3e265bb4
2023-05-12 13:55:52,227 [DEBUG] o.h.t.BasicTypeRegistry [restartedMain] Adding type registration java.lang.Class -> org.hibernate.type.BasicTypeReference@3e265bb4
2023-05-12 13:55:52,227 [DEBUG] o.h.t.BasicTypeRegistry [restartedMain] Adding type registration currency -> org.hibernate.type.BasicTypeReference@702ff8f0
2023-05-12 13:55:52,227 [DEBUG] o.h.t.BasicTypeRegistry [restartedMain] Adding type registration Currency -> org.hibernate.type.BasicTypeReference@702ff8f0
2023-05-12 13:55:52,227 [DEBUG] o.h.t.BasicTypeRegistry [restartedMain] Adding type registration java.util.Currency -> org.hibernate.type.BasicTypeReference@702ff8f0
2023-05-12 13:55:52,227 [DEBUG] o.h.t.BasicTypeRegistry [restartedMain] Adding type registration locale -> org.hibernate.type.BasicTypeReference@6f7c8895
2023-05-12 13:55:52,227 [DEBUG] o.h.t.BasicTypeRegistry [restartedMain] Adding type registration java.util.Locale -> org.hibernate.type.BasicTypeReference@6f7c8895
2023-05-12 13:55:52,227 [DEBUG] o.h.t.BasicTypeRegistry [restartedMain] Adding type registration serializable -> org.hibernate.type.BasicTypeReference@30a7e9cf
2023-05-12 13:55:52,227 [DEBUG] o.h.t.BasicTypeRegistry [restartedMain] Adding type registration java.io.Serializable -> org.hibernate.type.BasicTypeReference@30a7e9cf
2023-05-12 13:55:52,227 [DEBUG] o.h.t.BasicTypeRegistry [restartedMain] Adding type registration timezone -> org.hibernate.type.BasicTypeReference@3cd0ff94
2023-05-12 13:55:52,227 [DEBUG] o.h.t.BasicTypeRegistry [restartedMain] Adding type registration java.util.TimeZone -> org.hibernate.type.BasicTypeReference@3cd0ff94
2023-05-12 13:55:52,227 [DEBUG] o.h.t.BasicTypeRegistry [restartedMain] Adding type registration ZoneOffset -> org.hibernate.type.BasicTypeReference@33b76886
2023-05-12 13:55:52,228 [DEBUG] o.h.t.BasicTypeRegistry [restartedMain] Adding type registration java.time.ZoneOffset -> org.hibernate.type.BasicTypeReference@33b76886
2023-05-12 13:55:52,228 [DEBUG] o.h.t.BasicTypeRegistry [restartedMain] Adding type registration url -> org.hibernate.type.BasicTypeReference@38046645
2023-05-12 13:55:52,228 [DEBUG] o.h.t.BasicTypeRegistry [restartedMain] Adding type registration java.net.URL -> org.hibernate.type.BasicTypeReference@38046645
2023-05-12 13:55:52,228 [DEBUG] o.h.t.BasicTypeRegistry [restartedMain] Adding type registration row_version -> org.hibernate.type.BasicTypeReference@3762191b
2023-05-12 13:55:52,228 [DEBUG] o.h.t.BasicTypeRegistry [restartedMain] Adding type registration dbtimestamp -> org.hibernate.type.DbTimestampType@92cf4ed
2023-05-12 13:55:52,228 [DEBUG] o.h.t.BasicTypeRegistry [restartedMain] Adding type registration dbtimestamp -> org.hibernate.type.DbTimestampType@92cf4ed
2023-05-12 13:55:52,228 [DEBUG] o.h.t.BasicTypeRegistry [restartedMain] Adding type registration object -> org.hibernate.type.JavaObjectType@bba8e3e
2023-05-12 13:55:52,228 [DEBUG] o.h.t.BasicTypeRegistry [restartedMain] Adding type registration java.lang.Object -> org.hibernate.type.JavaObjectType@bba8e3e
2023-05-12 13:55:52,228 [DEBUG] o.h.t.BasicTypeRegistry [restartedMain] Adding type registration null -> org.hibernate.type.NullType@24f244e8
2023-05-12 13:55:52,228 [DEBUG] o.h.t.BasicTypeRegistry [restartedMain] Adding type registration imm_date -> org.hibernate.type.BasicTypeReference@5e89b422
2023-05-12 13:55:52,228 [DEBUG] o.h.t.BasicTypeRegistry [restartedMain] Adding type registration imm_time -> org.hibernate.type.BasicTypeReference@3b1b5c44
2023-05-12 13:55:52,228 [DEBUG] o.h.t.BasicTypeRegistry [restartedMain] Adding type registration imm_timestamp -> org.hibernate.type.BasicTypeReference@641b703f
2023-05-12 13:55:52,229 [DEBUG] o.h.t.BasicTypeRegistry [restartedMain] Adding type registration imm_calendar -> org.hibernate.type.BasicTypeReference@5c1af3e
2023-05-12 13:55:52,229 [DEBUG] o.h.t.BasicTypeRegistry [restartedMain] Adding type registration imm_calendar_date -> org.hibernate.type.BasicTypeReference@167a2300
2023-05-12 13:55:52,229 [DEBUG] o.h.t.BasicTypeRegistry [restartedMain] Adding type registration imm_calendar_time -> org.hibernate.type.BasicTypeReference@77e2b4f7
2023-05-12 13:55:52,229 [DEBUG] o.h.t.BasicTypeRegistry [restartedMain] Adding type registration imm_binary -> org.hibernate.type.BasicTypeReference@48c7b8bc
2023-05-12 13:55:52,229 [DEBUG] o.h.t.BasicTypeRegistry [restartedMain] Adding type registration imm_serializable -> org.hibernate.type.BasicTypeReference@407756c5
2023-05-12 13:55:52,248 [INFO] SQL dialect [restartedMain] HHH000400: Using dialect: org.hibernate.dialect.PostgreSQLDialect
2023-05-12 13:55:52,250 [DEBUG] o.h.t.d.s.s.DdlTypeRegistry [restartedMain] addDescriptor(6, org.hibernate.type.descriptor.sql.internal.CapacityDependentDdlType@108210a3) replaced previous registration(org.hibernate.type.descriptor.sql.internal.DdlTypeImpl@6ab9bd08)
2023-05-12 13:55:52,250 [DEBUG] o.h.t.d.j.s.JdbcTypeRegistry [restartedMain] addDescriptor(2004, BlobTypeDescriptor(BLOB_BINDING)) replaced previous registration(BlobTypeDescriptor(DEFAULT))
2023-05-12 13:55:52,251 [DEBUG] o.h.t.d.j.s.JdbcTypeRegistry [restartedMain] addDescriptor(2005, ClobTypeDescriptor(CLOB_BINDING)) replaced previous registration(ClobTypeDescriptor(DEFAULT))
2023-05-12 13:55:52,251 [DEBUG] o.h.t.d.j.s.JdbcTypeRegistry [restartedMain] addDescriptor(3003, TimestampUtcDescriptor) replaced previous registration(TimestampUtcDescriptor)
2023-05-12 13:55:52,251 [DEBUG] o.h.t.BasicTypeRegistry [restartedMain] Adding type registration JAVA_OBJECT -> org.hibernate.type.JavaObjectType@7d8342e8
2023-05-12 13:55:52,251 [DEBUG] o.h.t.BasicTypeRegistry [restartedMain] Adding type registration java.lang.Object -> org.hibernate.type.JavaObjectType@7d8342e8
2023-05-12 13:55:52,251 [DEBUG] o.h.t.BasicTypeRegistry [restartedMain] Type registration key [java.lang.Object] overrode previous entry : `org.hibernate.type.JavaObjectType@bba8e3e`
2023-05-12 13:55:52,253 [DEBUG] o.h.t.BasicTypeRegistry [restartedMain] Adding type registration org.hibernate.type.OffsetDateTimeType -> basicType@37(java.time.OffsetDateTime,93)
2023-05-12 13:55:52,254 [DEBUG] o.h.t.BasicTypeRegistry [restartedMain] Adding type registration OffsetDateTime -> basicType@37(java.time.OffsetDateTime,93)
2023-05-12 13:55:52,254 [DEBUG] o.h.t.BasicTypeRegistry [restartedMain] Adding type registration java.time.OffsetDateTime -> basicType@37(java.time.OffsetDateTime,93)
2023-05-12 13:55:52,254 [DEBUG] o.h.t.BasicTypeRegistry [restartedMain] Adding type registration org.hibernate.type.ZonedDateTimeType -> basicType@38(java.time.ZonedDateTime,93)
2023-05-12 13:55:52,254 [DEBUG] o.h.t.BasicTypeRegistry [restartedMain] Adding type registration ZonedDateTime -> basicType@38(java.time.ZonedDateTime,93)
2023-05-12 13:55:52,254 [DEBUG] o.h.t.BasicTypeRegistry [restartedMain] Adding type registration java.time.ZonedDateTime -> basicType@38(java.time.ZonedDateTime,93)
2023-05-12 13:55:52,254 [DEBUG] o.h.t.s.TypeConfiguration$Scope [restartedMain] Scoping TypeConfiguration [org.hibernate.type.spi.TypeConfiguration@328e813f] to MetadataBuildingContext [org.hibernate.boot.internal.MetadataBuildingContextRootImpl@320998c5]
2023-05-12 13:55:52,297 [DEBUG] o.h.t.s.TypeConfiguration$Scope [restartedMain] Scoping TypeConfiguration [org.hibernate.type.spi.TypeConfiguration@328e813f] to SessionFactoryImplementor [org.hibernate.internal.SessionFactoryImpl@2a5029c9]
2023-05-12 13:55:52,427 [INFO] o.h.e.t.j.p.i.JtaPlatformInitiator [restartedMain] HHH000490: Using JtaPlatform implementation: [org.hibernate.engine.transaction.jta.platform.internal.NoJtaPlatform]
2023-05-12 13:55:52,427 [TRACE] o.h.t.s.TypeConfiguration$Scope [restartedMain] Handling #sessionFactoryCreated from [org.hibernate.internal.SessionFactoryImpl@2a5029c9] for TypeConfiguration
2023-05-12 13:55:52,428 [INFO] o.s.o.j.LocalContainerEntityManagerFactoryBean [restartedMain] Initialized JPA EntityManagerFactory for persistence unit 'default'
2023-05-12 13:55:52,543 [DEBUG] c.o.j.JwtTokenFilter [restartedMain] Filter 'jwtTokenFilter' configured for use
2023-05-12 13:55:52,778 [WARN] o.s.b.a.o.j.JpaBaseConfiguration$JpaWebConfiguration [restartedMain] spring.jpa.open-in-view is enabled by default. Therefore, database queries may be performed during view rendering. Explicitly configure spring.jpa.open-in-view to disable this warning
2023-05-12 13:55:53,434 [INFO] o.s.s.w.DefaultSecurityFilterChain [restartedMain] Will secure any request with [org.springframework.security.web.session.DisableEncodeUrlFilter@7a662aa4, org.springframework.security.web.context.request.async.WebAsyncManagerIntegrationFilter@2ba392a0, org.springframework.security.web.context.SecurityContextHolderFilter@516e356c, org.springframework.security.web.header.HeaderWriterFilter@4ebdfea8, org.springframework.security.web.authentication.logout.LogoutFilter@760ccb07, com.organizationManagement.jwtConfig.JwtTokenFilter@796179d2, org.springframework.security.web.authentication.UsernamePasswordAuthenticationFilter@6089ba0e, org.springframework.security.web.authentication.ui.DefaultLoginPageGeneratingFilter@65d09711, org.springframework.security.web.authentication.ui.DefaultLogoutPageGeneratingFilter@e582940, org.springframework.security.web.savedrequest.RequestCacheAwareFilter@7d59da71, org.springframework.security.web.servletapi.SecurityContextHolderAwareRequestFilter@44396980, org.springframework.security.web.authentication.AnonymousAuthenticationFilter@23acab4f, org.springframework.security.web.access.ExceptionTranslationFilter@39b00d2f, org.springframework.security.web.access.intercept.AuthorizationFilter@4f5d4074]
2023-05-12 13:55:53,585 [INFO] o.s.b.d.a.OptionalLiveReloadServer [restartedMain] LiveReload server is running on port 35729
2023-05-12 13:55:53,604 [INFO] o.s.b.w.e.t.TomcatWebServer [restartedMain] Tomcat started on port(s): 9090 (http) with context path ''
2023-05-12 13:55:53,613 [INFO] c.o.Application [restartedMain] Started Application in 2.335 seconds (process running for 427.12)
2023-05-12 13:55:53,615 [INFO] o.s.b.d.a.ConditionEvaluationDeltaLoggingListener [restartedMain] Condition evaluation unchanged
2023-05-12 13:55:59,994 [INFO] c.o.s.OrganizationService [scheduling-1] scheduled a method call in organization service for getAllDetails() method with {}Fri May 12 13:55:59 IST 2023
2023-05-12 13:56:00,034 [DEBUG] o.h.SQL [scheduling-1] select o1_0.organization_id,o1_0.organization_name,o1_0.organization_details,o1_0.version from organization o1_0 offset ? rows fetch first ? rows only
2023-05-12 13:56:47,248 [INFO] o.s.b.d.a.LocalDevToolsAutoConfiguration$RestartingClassPathChangeChangedEventListener [File Watcher] Restarting due to 1 class path change (0 additions, 1 deletion, 0 modifications)
2023-05-12 13:56:47,281 [INFO] o.a.c.c.StandardService [Thread-13] Stopping service [Tomcat]
2023-05-12 13:56:47,288 [INFO] o.s.o.j.LocalContainerEntityManagerFactoryBean [Thread-13] Closing JPA EntityManagerFactory for persistence unit 'default'
2023-05-12 13:56:47,288 [TRACE] o.h.t.s.TypeConfiguration$Scope [Thread-13] Handling #sessionFactoryClosed from [org.hibernate.internal.SessionFactoryImpl@2a5029c9] for TypeConfiguration
2023-05-12 13:56:47,288 [DEBUG] o.h.t.s.TypeConfiguration$Scope [Thread-13] Un-scoping TypeConfiguration [org.hibernate.type.spi.TypeConfiguration$Scope@2fbe02a2] from SessionFactory [org.hibernate.internal.SessionFactoryImpl@2a5029c9]
2023-05-12 13:56:47,289 [INFO] c.z.h.HikariDataSource [Thread-13] HikariPool-3 - Shutdown initiated...
2023-05-12 13:56:47,294 [INFO] c.z.h.HikariDataSource [Thread-13] HikariPool-3 - Shutdown completed.
2023-05-12 13:56:47,436 [INFO] c.o.Application [restartedMain] Starting Application using Java 17.0.5 with PID 18448 (C:\Users\anilkumar.hugar\sts\OrganizationManagement1.0\target\classes started by anilkumar.hugar in C:\Users\anilkumar.hugar\sts\OrganizationManagement1.0)
2023-05-12 13:56:47,437 [INFO] c.o.Application [restartedMain] No active profile set, falling back to 1 default profile: "default"
2023-05-12 13:56:47,733 [INFO] o.s.d.r.c.RepositoryConfigurationDelegate [restartedMain] Bootstrapping Spring Data JPA repositories in DEFAULT mode.
2023-05-12 13:56:47,751 [INFO] o.s.d.r.c.RepositoryConfigurationDelegate [restartedMain] Finished Spring Data repository scanning in 17 ms. Found 3 JPA repository interfaces.
2023-05-12 13:56:47,925 [INFO] o.s.b.w.e.t.TomcatWebServer [restartedMain] Tomcat initialized with port(s): 9090 (http)
2023-05-12 13:56:47,927 [INFO] o.a.c.c.StandardService [restartedMain] Starting service [Tomcat]
2023-05-12 13:56:47,928 [INFO] o.a.c.c.StandardEngine [restartedMain] Starting Servlet engine: [Apache Tomcat/10.1.5]
2023-05-12 13:56:47,963 [INFO] o.a.c.c.C.[.[.[/] [restartedMain] Initializing Spring embedded WebApplicationContext
2023-05-12 13:56:47,963 [INFO] o.s.b.w.s.c.ServletWebServerApplicationContext [restartedMain] Root WebApplicationContext: initialization completed in 524 ms
2023-05-12 13:56:47,985 [INFO] c.z.h.HikariDataSource [restartedMain] HikariPool-4 - Starting...
2023-05-12 13:56:48,056 [INFO] c.z.h.p.HikariPool [restartedMain] HikariPool-4 - Added connection org.postgresql.jdbc.PgConnection@3c6c9db7
2023-05-12 13:56:48,056 [INFO] c.z.h.HikariDataSource [restartedMain] HikariPool-4 - Start completed.
2023-05-12 13:56:48,057 [INFO] o.s.b.a.h.H2ConsoleAutoConfiguration [restartedMain] H2 console available at '/h2-console'. Database available at 'jdbc:postgresql://localhost:5432/organizationDatabase'
2023-05-12 13:56:48,106 [INFO] o.h.j.i.u.LogHelper [restartedMain] HHH000204: Processing PersistenceUnitInfo [name: default]
2023-05-12 13:56:48,113 [DEBUG] o.h.t.d.j.s.JdbcTypeRegistry [restartedMain] addDescriptor(FloatTypeDescriptor) replaced previous registration(DoubleTypeDescriptor)
2023-05-12 13:56:48,113 [DEBUG] o.h.t.BasicTypeRegistry [restartedMain] Adding type registration boolean -> org.hibernate.type.BasicTypeReference@13da1d83
2023-05-12 13:56:48,113 [DEBUG] o.h.t.BasicTypeRegistry [restartedMain] Adding type registration boolean -> org.hibernate.type.BasicTypeReference@13da1d83
2023-05-12 13:56:48,113 [DEBUG] o.h.t.BasicTypeRegistry [restartedMain] Adding type registration java.lang.Boolean -> org.hibernate.type.BasicTypeReference@13da1d83
2023-05-12 13:56:48,114 [DEBUG] o.h.t.BasicTypeRegistry [restartedMain] Adding type registration numeric_boolean -> org.hibernate.type.BasicTypeReference@75986961
2023-05-12 13:56:48,114 [DEBUG] o.h.t.BasicTypeRegistry [restartedMain] Adding type registration org.hibernate.type.NumericBooleanConverter -> org.hibernate.type.BasicTypeReference@75986961
2023-05-12 13:56:48,114 [DEBUG] o.h.t.BasicTypeRegistry [restartedMain] Adding type registration true_false -> org.hibernate.type.BasicTypeReference@8657758
2023-05-12 13:56:48,114 [DEBUG] o.h.t.BasicTypeRegistry [restartedMain] Adding type registration org.hibernate.type.TrueFalseConverter -> org.hibernate.type.BasicTypeReference@8657758
2023-05-12 13:56:48,114 [DEBUG] o.h.t.BasicTypeRegistry [restartedMain] Adding type registration yes_no -> org.hibernate.type.BasicTypeReference@75056c2d
2023-05-12 13:56:48,114 [DEBUG] o.h.t.BasicTypeRegistry [restartedMain] Adding type registration org.hibernate.type.YesNoConverter -> org.hibernate.type.BasicTypeReference@75056c2d
2023-05-12 13:56:48,114 [DEBUG] o.h.t.BasicTypeRegistry [restartedMain] Adding type registration byte -> org.hibernate.type.BasicTypeReference@3670510b
2023-05-12 13:56:48,114 [DEBUG] o.h.t.BasicTypeRegistry [restartedMain] Adding type registration byte -> org.hibernate.type.BasicTypeReference@3670510b
2023-05-12 13:56:48,115 [DEBUG] o.h.t.BasicTypeRegistry [restartedMain] Adding type registration java.lang.Byte -> org.hibernate.type.BasicTypeReference@3670510b
2023-05-12 13:56:48,115 [DEBUG] o.h.t.BasicTypeRegistry [restartedMain] Adding type registration binary -> org.hibernate.type.BasicTypeReference@15e5c5
2023-05-12 13:56:48,115 [DEBUG] o.h.t.BasicTypeRegistry [restartedMain] Adding type registration byte[] -> org.hibernate.type.BasicTypeReference@15e5c5
2023-05-12 13:56:48,115 [DEBUG] o.h.t.BasicTypeRegistry [restartedMain] Adding type registration [B -> org.hibernate.type.BasicTypeReference@15e5c5
2023-05-12 13:56:48,115 [DEBUG] o.h.t.BasicTypeRegistry [restartedMain] Adding type registration binary_wrapper -> org.hibernate.type.BasicTypeReference@23e99d28
2023-05-12 13:56:48,115 [DEBUG] o.h.t.BasicTypeRegistry [restartedMain] Adding type registration wrapper-binary -> org.hibernate.type.BasicTypeReference@23e99d28
2023-05-12 13:56:48,115 [DEBUG] o.h.t.BasicTypeRegistry [restartedMain] Adding type registration Byte[] -> org.hibernate.type.BasicTypeReference@23e99d28
2023-05-12 13:56:48,115 [DEBUG] o.h.t.BasicTypeRegistry [restartedMain] Adding type registration [Ljava.lang.Byte; -> org.hibernate.type.BasicTypeReference@23e99d28
2023-05-12 13:56:48,115 [DEBUG] o.h.t.BasicTypeRegistry [restartedMain] Adding type registration image -> org.hibernate.type.BasicTypeReference@7dd3e97c
2023-05-12 13:56:48,116 [DEBUG] o.h.t.BasicTypeRegistry [restartedMain] Adding type registration blob -> org.hibernate.type.BasicTypeReference@499f07c4
2023-05-12 13:56:48,116 [DEBUG] o.h.t.BasicTypeRegistry [restartedMain] Adding type registration java.sql.Blob -> org.hibernate.type.BasicTypeReference@499f07c4
2023-05-12 13:56:48,116 [DEBUG] o.h.t.BasicTypeRegistry [restartedMain] Adding type registration materialized_blob -> org.hibernate.type.BasicTypeReference@668bf8ff
2023-05-12 13:56:48,116 [DEBUG] o.h.t.BasicTypeRegistry [restartedMain] Adding type registration materialized_blob_wrapper -> org.hibernate.type.BasicTypeReference@96429db
2023-05-12 13:56:48,116 [DEBUG] o.h.t.BasicTypeRegistry [restartedMain] Adding type registration short -> org.hibernate.type.BasicTypeReference@6b9ea982
2023-05-12 13:56:48,116 [DEBUG] o.h.t.BasicTypeRegistry [restartedMain] Adding type registration short -> org.hibernate.type.BasicTypeReference@6b9ea982
2023-05-12 13:56:48,116 [DEBUG] o.h.t.BasicTypeRegistry [restartedMain] Adding type registration java.lang.Short -> org.hibernate.type.BasicTypeReference@6b9ea982
2023-05-12 13:56:48,116 [DEBUG] o.h.t.BasicTypeRegistry [restartedMain] Adding type registration integer -> org.hibernate.type.BasicTypeReference@5a8e3212
2023-05-12 13:56:48,116 [DEBUG] o.h.t.BasicTypeRegistry [restartedMain] Adding type registration int -> org.hibernate.type.BasicTypeReference@5a8e3212
2023-05-12 13:56:48,116 [DEBUG] o.h.t.BasicTypeRegistry [restartedMain] Adding type registration java.lang.Integer -> org.hibernate.type.BasicTypeReference@5a8e3212
2023-05-12 13:56:48,116 [DEBUG] o.h.t.BasicTypeRegistry [restartedMain] Adding type registration long -> org.hibernate.type.BasicTypeReference@63fb75bc
2023-05-12 13:56:48,116 [DEBUG] o.h.t.BasicTypeRegistry [restartedMain] Adding type registration long -> org.hibernate.type.BasicTypeReference@63fb75bc
2023-05-12 13:56:48,116 [DEBUG] o.h.t.BasicTypeRegistry [restartedMain] Adding type registration java.lang.Long -> org.hibernate.type.BasicTypeReference@63fb75bc
2023-05-12 13:56:48,116 [DEBUG] o.h.t.BasicTypeRegistry [restartedMain] Adding type registration float -> org.hibernate.type.BasicTypeReference@4b79a2e9
2023-05-12 13:56:48,116 [DEBUG] o.h.t.BasicTypeRegistry [restartedMain] Adding type registration float -> org.hibernate.type.BasicTypeReference@4b79a2e9
2023-05-12 13:56:48,116 [DEBUG] o.h.t.BasicTypeRegistry [restartedMain] Adding type registration java.lang.Float -> org.hibernate.type.BasicTypeReference@4b79a2e9
2023-05-12 13:56:48,116 [DEBUG] o.h.t.BasicTypeRegistry [restartedMain] Adding type registration double -> org.hibernate.type.BasicTypeReference@55b5d0bd
2023-05-12 13:56:48,116 [DEBUG] o.h.t.BasicTypeRegistry [restartedMain] Adding type registration double -> org.hibernate.type.BasicTypeReference@55b5d0bd
2023-05-12 13:56:48,116 [DEBUG] o.h.t.BasicTypeRegistry [restartedMain] Adding type registration java.lang.Double -> org.hibernate.type.BasicTypeReference@55b5d0bd
2023-05-12 13:56:48,116 [DEBUG] o.h.t.BasicTypeRegistry [restartedMain] Adding type registration big_integer -> org.hibernate.type.BasicTypeReference@7e8076bb
2023-05-12 13:56:48,117 [DEBUG] o.h.t.BasicTypeRegistry [restartedMain] Adding type registration java.math.BigInteger -> org.hibernate.type.BasicTypeReference@7e8076bb
2023-05-12 13:56:48,117 [DEBUG] o.h.t.BasicTypeRegistry [restartedMain] Adding type registration big_decimal -> org.hibernate.type.BasicTypeReference@466eaa42
2023-05-12 13:56:48,117 [DEBUG] o.h.t.BasicTypeRegistry [restartedMain] Adding type registration java.math.BigDecimal -> org.hibernate.type.BasicTypeReference@466eaa42
2023-05-12 13:56:48,117 [DEBUG] o.h.t.BasicTypeRegistry [restartedMain] Adding type registration character -> org.hibernate.type.BasicTypeReference@4006268c
2023-05-12 13:56:48,117 [DEBUG] o.h.t.BasicTypeRegistry [restartedMain] Adding type registration char -> org.hibernate.type.BasicTypeReference@4006268c
2023-05-12 13:56:48,117 [DEBUG] o.h.t.BasicTypeRegistry [restartedMain] Adding type registration java.lang.Character -> org.hibernate.type.BasicTypeReference@4006268c
2023-05-12 13:56:48,117 [DEBUG] o.h.t.BasicTypeRegistry [restartedMain] Adding type registration character_nchar -> org.hibernate.type.BasicTypeReference@3b4d2609
2023-05-12 13:56:48,117 [DEBUG] o.h.t.BasicTypeRegistry [restartedMain] Adding type registration string -> org.hibernate.type.BasicTypeReference@4685ba75
2023-05-12 13:56:48,117 [DEBUG] o.h.t.BasicTypeRegistry [restartedMain] Adding type registration java.lang.String -> org.hibernate.type.BasicTypeReference@4685ba75
2023-05-12 13:56:48,117 [DEBUG] o.h.t.BasicTypeRegistry [restartedMain] Adding type registration nstring -> org.hibernate.type.BasicTypeReference@758a245d
2023-05-12 13:56:48,117 [DEBUG] o.h.t.BasicTypeRegistry [restartedMain] Adding type registration characters -> org.hibernate.type.BasicTypeReference@4c94e26
2023-05-12 13:56:48,117 [DEBUG] o.h.t.BasicTypeRegistry [restartedMain] Adding type registration char[] -> org.hibernate.type.BasicTypeReference@4c94e26
2023-05-12 13:56:48,117 [DEBUG] o.h.t.BasicTypeRegistry [restartedMain] Adding type registration [C -> org.hibernate.type.BasicTypeReference@4c94e26
2023-05-12 13:56:48,117 [DEBUG] o.h.t.BasicTypeRegistry [restartedMain] Adding type registration wrapper-characters -> org.hibernate.type.BasicTypeReference@56e64dd8
2023-05-12 13:56:48,117 [DEBUG] o.h.t.BasicTypeRegistry [restartedMain] Adding type registration [Ljava.lang.Character; -> org.hibernate.type.BasicTypeReference@56e64dd8
2023-05-12 13:56:48,117 [DEBUG] o.h.t.BasicTypeRegistry [restartedMain] Adding type registration Character[] -> org.hibernate.type.BasicTypeReference@56e64dd8
2023-05-12 13:56:48,118 [DEBUG] o.h.t.BasicTypeRegistry [restartedMain] Adding type registration text -> org.hibernate.type.BasicTypeReference@3d5b1363
2023-05-12 13:56:48,118 [DEBUG] o.h.t.BasicTypeRegistry [restartedMain] Adding type registration ntext -> org.hibernate.type.BasicTypeReference@19577059
2023-05-12 13:56:48,118 [DEBUG] o.h.t.BasicTypeRegistry [restartedMain] Adding type registration clob -> org.hibernate.type.BasicTypeReference@5721a52b
2023-05-12 13:56:48,118 [DEBUG] o.h.t.BasicTypeRegistry [restartedMain] Adding type registration java.sql.Clob -> org.hibernate.type.BasicTypeReference@5721a52b
2023-05-12 13:56:48,118 [DEBUG] o.h.t.BasicTypeRegistry [restartedMain] Adding type registration nclob -> org.hibernate.type.BasicTypeReference@334daa9a
2023-05-12 13:56:48,118 [DEBUG] o.h.t.BasicTypeRegistry [restartedMain] Adding type registration java.sql.NClob -> org.hibernate.type.BasicTypeReference@334daa9a
2023-05-12 13:56:48,118 [DEBUG] o.h.t.BasicTypeRegistry [restartedMain] Adding type registration materialized_clob -> org.hibernate.type.BasicTypeReference@5668779b
2023-05-12 13:56:48,118 [DEBUG] o.h.t.BasicTypeRegistry [restartedMain] Adding type registration materialized_clob_char_array -> org.hibernate.type.BasicTypeReference@749f10b7
2023-05-12 13:56:48,118 [DEBUG] o.h.t.BasicTypeRegistry [restartedMain] Adding type registration materialized_clob_character_array -> org.hibernate.type.BasicTypeReference@2ecdebf2
2023-05-12 13:56:48,119 [DEBUG] o.h.t.BasicTypeRegistry [restartedMain] Adding type registration materialized_nclob -> org.hibernate.type.BasicTypeReference@700a8dcb
2023-05-12 13:56:48,119 [DEBUG] o.h.t.BasicTypeRegistry [restartedMain] Adding type registration materialized_nclob_character_array -> org.hibernate.type.BasicTypeReference@65cbe8fe
2023-05-12 13:56:48,119 [DEBUG] o.h.t.BasicTypeRegistry [restartedMain] Adding type registration materialized_nclob_char_array -> org.hibernate.type.BasicTypeReference@695d4658
2023-05-12 13:56:48,119 [DEBUG] o.h.t.BasicTypeRegistry [restartedMain] Adding type registration Duration -> org.hibernate.type.BasicTypeReference@288ea2fa
2023-05-12 13:56:48,119 [DEBUG] o.h.t.BasicTypeRegistry [restartedMain] Adding type registration java.time.Duration -> org.hibernate.type.BasicTypeReference@288ea2fa
2023-05-12 13:56:48,119 [DEBUG] o.h.t.BasicTypeRegistry [restartedMain] Adding type registration LocalDateTime -> org.hibernate.type.BasicTypeReference@c4e16f5
2023-05-12 13:56:48,119 [DEBUG] o.h.t.BasicTypeRegistry [restartedMain] Adding type registration java.time.LocalDateTime -> org.hibernate.type.BasicTypeReference@c4e16f5
2023-05-12 13:56:48,119 [DEBUG] o.h.t.BasicTypeRegistry [restartedMain] Adding type registration LocalDate -> org.hibernate.type.BasicTypeReference@3678939a
2023-05-12 13:56:48,119 [DEBUG] o.h.t.BasicTypeRegistry [restartedMain] Adding type registration java.time.LocalDate -> org.hibernate.type.BasicTypeReference@3678939a
2023-05-12 13:56:48,119 [DEBUG] o.h.t.BasicTypeRegistry [restartedMain] Adding type registration LocalTime -> org.hibernate.type.BasicTypeReference@35947c8b
2023-05-12 13:56:48,119 [DEBUG] o.h.t.BasicTypeRegistry [restartedMain] Adding type registration java.time.LocalTime -> org.hibernate.type.BasicTypeReference@35947c8b
2023-05-12 13:56:48,119 [DEBUG] o.h.t.BasicTypeRegistry [restartedMain] Adding type registration OffsetDateTime -> org.hibernate.type.BasicTypeReference@685081b1
2023-05-12 13:56:48,119 [DEBUG] o.h.t.BasicTypeRegistry [restartedMain] Adding type registration java.time.OffsetDateTime -> org.hibernate.type.BasicTypeReference@685081b1
2023-05-12 13:56:48,119 [DEBUG] o.h.t.BasicTypeRegistry [restartedMain] Adding type registration OffsetDateTimeWithTimezone -> org.hibernate.type.BasicTypeReference@1455dbf0
2023-05-12 13:56:48,119 [DEBUG] o.h.t.BasicTypeRegistry [restartedMain] Adding type registration OffsetDateTimeWithoutTimezone -> org.hibernate.type.BasicTypeReference@66437ea3
2023-05-12 13:56:48,119 [DEBUG] o.h.t.BasicTypeRegistry [restartedMain] Adding type registration OffsetTime -> org.hibernate.type.BasicTypeReference@702536c4
2023-05-12 13:56:48,119 [DEBUG] o.h.t.BasicTypeRegistry [restartedMain] Adding type registration java.time.OffsetTime -> org.hibernate.type.BasicTypeReference@702536c4
2023-05-12 13:56:48,120 [DEBUG] o.h.t.BasicTypeRegistry [restartedMain] Adding type registration ZonedDateTime -> org.hibernate.type.BasicTypeReference@1c147c78
2023-05-12 13:56:48,120 [DEBUG] o.h.t.BasicTypeRegistry [restartedMain] Adding type registration java.time.ZonedDateTime -> org.hibernate.type.BasicTypeReference@1c147c78
2023-05-12 13:56:48,120 [DEBUG] o.h.t.BasicTypeRegistry [restartedMain] Adding type registration ZonedDateTimeWithTimezone -> org.hibernate.type.BasicTypeReference@2624be51
2023-05-12 13:56:48,120 [DEBUG] o.h.t.BasicTypeRegistry [restartedMain] Adding type registration ZonedDateTimeWithoutTimezone -> org.hibernate.type.BasicTypeReference@5b6f6a50
2023-05-12 13:56:48,120 [DEBUG] o.h.t.BasicTypeRegistry [restartedMain] Adding type registration date -> org.hibernate.type.BasicTypeReference@225f4ef
2023-05-12 13:56:48,120 [DEBUG] o.h.t.BasicTypeRegistry [restartedMain] Adding type registration java.sql.Date -> org.hibernate.type.BasicTypeReference@225f4ef
2023-05-12 13:56:48,120 [DEBUG] o.h.t.BasicTypeRegistry [restartedMain] Adding type registration time -> org.hibernate.type.BasicTypeReference@3dedbf6f
2023-05-12 13:56:48,120 [DEBUG] o.h.t.BasicTypeRegistry [restartedMain] Adding type registration java.sql.Time -> org.hibernate.type.BasicTypeReference@3dedbf6f
2023-05-12 13:56:48,120 [DEBUG] o.h.t.BasicTypeRegistry [restartedMain] Adding type registration timestamp -> org.hibernate.type.BasicTypeReference@3e3858b5
2023-05-12 13:56:48,120 [DEBUG] o.h.t.BasicTypeRegistry [restartedMain] Adding type registration java.sql.Timestamp -> org.hibernate.type.BasicTypeReference@3e3858b5
2023-05-12 13:56:48,120 [DEBUG] o.h.t.BasicTypeRegistry [restartedMain] Adding type registration java.util.Date -> org.hibernate.type.BasicTypeReference@3e3858b5
2023-05-12 13:56:48,120 [DEBUG] o.h.t.BasicTypeRegistry [restartedMain] Adding type registration calendar -> org.hibernate.type.BasicTypeReference@1ea588c8
2023-05-12 13:56:48,120 [DEBUG] o.h.t.BasicTypeRegistry [restartedMain] Adding type registration java.util.Calendar -> org.hibernate.type.BasicTypeReference@1ea588c8
2023-05-12 13:56:48,120 [DEBUG] o.h.t.BasicTypeRegistry [restartedMain] Adding type registration java.util.GregorianCalendar -> org.hibernate.type.BasicTypeReference@1ea588c8
2023-05-12 13:56:48,120 [DEBUG] o.h.t.BasicTypeRegistry [restartedMain] Adding type registration calendar_date -> org.hibernate.type.BasicTypeReference@330a957f
2023-05-12 13:56:48,120 [DEBUG] o.h.t.BasicTypeRegistry [restartedMain] Adding type registration calendar_time -> org.hibernate.type.BasicTypeReference@634c52b6
2023-05-12 13:56:48,121 [DEBUG] o.h.t.BasicTypeRegistry [restartedMain] Adding type registration instant -> org.hibernate.type.BasicTypeReference@1f4d439a
2023-05-12 13:56:48,121 [DEBUG] o.h.t.BasicTypeRegistry [restartedMain] Adding type registration java.time.Instant -> org.hibernate.type.BasicTypeReference@1f4d439a
2023-05-12 13:56:48,121 [DEBUG] o.h.t.BasicTypeRegistry [restartedMain] Adding type registration uuid -> org.hibernate.type.BasicTypeReference@2d1c6b73
2023-05-12 13:56:48,121 [DEBUG] o.h.t.BasicTypeRegistry [restartedMain] Adding type registration java.util.UUID -> org.hibernate.type.BasicTypeReference@2d1c6b73
2023-05-12 13:56:48,121 [DEBUG] o.h.t.BasicTypeRegistry [restartedMain] Adding type registration pg-uuid -> org.hibernate.type.BasicTypeReference@2d1c6b73
2023-05-12 13:56:48,121 [DEBUG] o.h.t.BasicTypeRegistry [restartedMain] Adding type registration uuid-binary -> org.hibernate.type.BasicTypeReference@4a5ab2c2
2023-05-12 13:56:48,121 [DEBUG] o.h.t.BasicTypeRegistry [restartedMain] Adding type registration uuid-char -> org.hibernate.type.BasicTypeReference@4b0280dd
2023-05-12 13:56:48,121 [DEBUG] o.h.t.BasicTypeRegistry [restartedMain] Adding type registration class -> org.hibernate.type.BasicTypeReference@3e265bb4
2023-05-12 13:56:48,121 [DEBUG] o.h.t.BasicTypeRegistry [restartedMain] Adding type registration java.lang.Class -> org.hibernate.type.BasicTypeReference@3e265bb4
2023-05-12 13:56:48,121 [DEBUG] o.h.t.BasicTypeRegistry [restartedMain] Adding type registration currency -> org.hibernate.type.BasicTypeReference@702ff8f0
2023-05-12 13:56:48,121 [DEBUG] o.h.t.BasicTypeRegistry [restartedMain] Adding type registration Currency -> org.hibernate.type.BasicTypeReference@702ff8f0
2023-05-12 13:56:48,121 [DEBUG] o.h.t.BasicTypeRegistry [restartedMain] Adding type registration java.util.Currency -> org.hibernate.type.BasicTypeReference@702ff8f0
2023-05-12 13:56:48,121 [DEBUG] o.h.t.BasicTypeRegistry [restartedMain] Adding type registration locale -> org.hibernate.type.BasicTypeReference@6f7c8895
2023-05-12 13:56:48,121 [DEBUG] o.h.t.BasicTypeRegistry [restartedMain] Adding type registration java.util.Locale -> org.hibernate.type.BasicTypeReference@6f7c8895
2023-05-12 13:56:48,122 [DEBUG] o.h.t.BasicTypeRegistry [restartedMain] Adding type registration serializable -> org.hibernate.type.BasicTypeReference@30a7e9cf
2023-05-12 13:56:48,122 [DEBUG] o.h.t.BasicTypeRegistry [restartedMain] Adding type registration java.io.Serializable -> org.hibernate.type.BasicTypeReference@30a7e9cf
2023-05-12 13:56:48,122 [DEBUG] o.h.t.BasicTypeRegistry [restartedMain] Adding type registration timezone -> org.hibernate.type.BasicTypeReference@3cd0ff94
2023-05-12 13:56:48,122 [DEBUG] o.h.t.BasicTypeRegistry [restartedMain] Adding type registration java.util.TimeZone -> org.hibernate.type.BasicTypeReference@3cd0ff94
2023-05-12 13:56:48,122 [DEBUG] o.h.t.BasicTypeRegistry [restartedMain] Adding type registration ZoneOffset -> org.hibernate.type.BasicTypeReference@33b76886
2023-05-12 13:56:48,122 [DEBUG] o.h.t.BasicTypeRegistry [restartedMain] Adding type registration java.time.ZoneOffset -> org.hibernate.type.BasicTypeReference@33b76886
2023-05-12 13:56:48,122 [DEBUG] o.h.t.BasicTypeRegistry [restartedMain] Adding type registration url -> org.hibernate.type.BasicTypeReference@38046645
2023-05-12 13:56:48,122 [DEBUG] o.h.t.BasicTypeRegistry [restartedMain] Adding type registration java.net.URL -> org.hibernate.type.BasicTypeReference@38046645
2023-05-12 13:56:48,122 [DEBUG] o.h.t.BasicTypeRegistry [restartedMain] Adding type registration row_version -> org.hibernate.type.BasicTypeReference@3762191b
2023-05-12 13:56:48,122 [DEBUG] o.h.t.BasicTypeRegistry [restartedMain] Adding type registration dbtimestamp -> org.hibernate.type.DbTimestampType@92cf4ed
2023-05-12 13:56:48,122 [DEBUG] o.h.t.BasicTypeRegistry [restartedMain] Adding type registration dbtimestamp -> org.hibernate.type.DbTimestampType@92cf4ed
2023-05-12 13:56:48,122 [DEBUG] o.h.t.BasicTypeRegistry [restartedMain] Adding type registration object -> org.hibernate.type.JavaObjectType@bba8e3e
2023-05-12 13:56:48,122 [DEBUG] o.h.t.BasicTypeRegistry [restartedMain] Adding type registration java.lang.Object -> org.hibernate.type.JavaObjectType@bba8e3e
2023-05-12 13:56:48,122 [DEBUG] o.h.t.BasicTypeRegistry [restartedMain] Adding type registration null -> org.hibernate.type.NullType@24f244e8
2023-05-12 13:56:48,122 [DEBUG] o.h.t.BasicTypeRegistry [restartedMain] Adding type registration imm_date -> org.hibernate.type.BasicTypeReference@48457102
2023-05-12 13:56:48,122 [DEBUG] o.h.t.BasicTypeRegistry [restartedMain] Adding type registration imm_time -> org.hibernate.type.BasicTypeReference@5014628b
2023-05-12 13:56:48,123 [DEBUG] o.h.t.BasicTypeRegistry [restartedMain] Adding type registration imm_timestamp -> org.hibernate.type.BasicTypeReference@476a8e0e
2023-05-12 13:56:48,123 [DEBUG] o.h.t.BasicTypeRegistry [restartedMain] Adding type registration imm_calendar -> org.hibernate.type.BasicTypeReference@e1a25fc
2023-05-12 13:56:48,123 [DEBUG] o.h.t.BasicTypeRegistry [restartedMain] Adding type registration imm_calendar_date -> org.hibernate.type.BasicTypeReference@6db4885c
2023-05-12 13:56:48,123 [DEBUG] o.h.t.BasicTypeRegistry [restartedMain] Adding type registration imm_calendar_time -> org.hibernate.type.BasicTypeReference@1ec7bf5b
2023-05-12 13:56:48,123 [DEBUG] o.h.t.BasicTypeRegistry [restartedMain] Adding type registration imm_binary -> org.hibernate.type.BasicTypeReference@d4e5873
2023-05-12 13:56:48,123 [DEBUG] o.h.t.BasicTypeRegistry [restartedMain] Adding type registration imm_serializable -> org.hibernate.type.BasicTypeReference@52a4b9e3
2023-05-12 13:56:48,147 [INFO] SQL dialect [restartedMain] HHH000400: Using dialect: org.hibernate.dialect.PostgreSQLDialect
2023-05-12 13:56:48,149 [DEBUG] o.h.t.d.s.s.DdlTypeRegistry [restartedMain] addDescriptor(6, org.hibernate.type.descriptor.sql.internal.CapacityDependentDdlType@47f73e6f) replaced previous registration(org.hibernate.type.descriptor.sql.internal.DdlTypeImpl@30ebfcd3)
2023-05-12 13:56:48,149 [DEBUG] o.h.t.d.j.s.JdbcTypeRegistry [restartedMain] addDescriptor(2004, BlobTypeDescriptor(BLOB_BINDING)) replaced previous registration(BlobTypeDescriptor(DEFAULT))
2023-05-12 13:56:48,149 [DEBUG] o.h.t.d.j.s.JdbcTypeRegistry [restartedMain] addDescriptor(2005, ClobTypeDescriptor(CLOB_BINDING)) replaced previous registration(ClobTypeDescriptor(DEFAULT))
2023-05-12 13:56:48,149 [DEBUG] o.h.t.d.j.s.JdbcTypeRegistry [restartedMain] addDescriptor(3003, TimestampUtcDescriptor) replaced previous registration(TimestampUtcDescriptor)
2023-05-12 13:56:48,149 [DEBUG] o.h.t.BasicTypeRegistry [restartedMain] Adding type registration JAVA_OBJECT -> org.hibernate.type.JavaObjectType@725e3878
2023-05-12 13:56:48,149 [DEBUG] o.h.t.BasicTypeRegistry [restartedMain] Adding type registration java.lang.Object -> org.hibernate.type.JavaObjectType@725e3878
2023-05-12 13:56:48,149 [DEBUG] o.h.t.BasicTypeRegistry [restartedMain] Type registration key [java.lang.Object] overrode previous entry : `org.hibernate.type.JavaObjectType@bba8e3e`
2023-05-12 13:56:48,151 [DEBUG] o.h.t.BasicTypeRegistry [restartedMain] Adding type registration org.hibernate.type.OffsetDateTimeType -> basicType@55(java.time.OffsetDateTime,93)
2023-05-12 13:56:48,151 [DEBUG] o.h.t.BasicTypeRegistry [restartedMain] Adding type registration OffsetDateTime -> basicType@55(java.time.OffsetDateTime,93)
2023-05-12 13:56:48,151 [DEBUG] o.h.t.BasicTypeRegistry [restartedMain] Adding type registration java.time.OffsetDateTime -> basicType@55(java.time.OffsetDateTime,93)
2023-05-12 13:56:48,151 [DEBUG] o.h.t.BasicTypeRegistry [restartedMain] Adding type registration org.hibernate.type.ZonedDateTimeType -> basicType@56(java.time.ZonedDateTime,93)
2023-05-12 13:56:48,151 [DEBUG] o.h.t.BasicTypeRegistry [restartedMain] Adding type registration ZonedDateTime -> basicType@56(java.time.ZonedDateTime,93)
2023-05-12 13:56:48,151 [DEBUG] o.h.t.BasicTypeRegistry [restartedMain] Adding type registration java.time.ZonedDateTime -> basicType@56(java.time.ZonedDateTime,93)
2023-05-12 13:56:48,151 [DEBUG] o.h.t.s.TypeConfiguration$Scope [restartedMain] Scoping TypeConfiguration [org.hibernate.type.spi.TypeConfiguration@616e91fb] to MetadataBuildingContext [org.hibernate.boot.internal.MetadataBuildingContextRootImpl@1f94cfff]
2023-05-12 13:56:48,205 [DEBUG] o.h.t.s.TypeConfiguration$Scope [restartedMain] Scoping TypeConfiguration [org.hibernate.type.spi.TypeConfiguration@616e91fb] to SessionFactoryImplementor [org.hibernate.internal.SessionFactoryImpl@4f837020]
2023-05-12 13:56:48,337 [INFO] o.h.e.t.j.p.i.JtaPlatformInitiator [restartedMain] HHH000490: Using JtaPlatform implementation: [org.hibernate.engine.transaction.jta.platform.internal.NoJtaPlatform]
2023-05-12 13:56:48,337 [TRACE] o.h.t.s.TypeConfiguration$Scope [restartedMain] Handling #sessionFactoryCreated from [org.hibernate.internal.SessionFactoryImpl@4f837020] for TypeConfiguration
2023-05-12 13:56:48,337 [INFO] o.s.o.j.LocalContainerEntityManagerFactoryBean [restartedMain] Initialized JPA EntityManagerFactory for persistence unit 'default'
2023-05-12 13:56:48,631 [WARN] o.s.b.a.o.j.JpaBaseConfiguration$JpaWebConfiguration [restartedMain] spring.jpa.open-in-view is enabled by default. Therefore, database queries may be performed during view rendering. Explicitly configure spring.jpa.open-in-view to disable this warning
2023-05-12 13:56:49,303 [INFO] o.s.s.w.DefaultSecurityFilterChain [restartedMain] Will secure any request with [org.springframework.security.web.session.DisableEncodeUrlFilter@27eaeefb, org.springframework.security.web.context.request.async.WebAsyncManagerIntegrationFilter@2c263053, org.springframework.security.web.context.SecurityContextHolderFilter@5db265d0, org.springframework.security.web.header.HeaderWriterFilter@7d168d6a, org.springframework.security.web.authentication.logout.LogoutFilter@3385028c, com.organizationManagement.jwtConfig.JwtTokenFilter@5046dada, org.springframework.security.web.authentication.UsernamePasswordAuthenticationFilter@3c601a99, org.springframework.security.web.authentication.ui.DefaultLoginPageGeneratingFilter@b96b3e4, org.springframework.security.web.authentication.ui.DefaultLogoutPageGeneratingFilter@25ed6cd6, org.springframework.security.web.savedrequest.RequestCacheAwareFilter@55446e71, org.springframework.security.web.servletapi.SecurityContextHolderAwareRequestFilter@42221b17, org.springframework.security.web.authentication.AnonymousAuthenticationFilter@19651e20, org.springframework.security.web.access.ExceptionTranslationFilter@2f070ec0, org.springframework.security.web.access.intercept.AuthorizationFilter@5f1acb1a]
2023-05-12 13:56:49,497 [INFO] o.s.b.d.a.OptionalLiveReloadServer [restartedMain] LiveReload server is running on port 35729
2023-05-12 13:56:49,518 [INFO] o.s.b.w.e.t.TomcatWebServer [restartedMain] Tomcat started on port(s): 9090 (http) with context path ''
2023-05-12 13:56:49,527 [INFO] c.o.Application [restartedMain] Started Application in 2.172 seconds (process running for 483.043)
2023-05-12 13:56:49,530 [INFO] o.s.b.d.a.ConditionEvaluationDeltaLoggingListener [restartedMain] Condition evaluation unchanged
2023-05-12 13:56:56,153 [INFO] o.s.b.d.a.LocalDevToolsAutoConfiguration$RestartingClassPathChangeChangedEventListener [File Watcher] Restarting due to 1 class path change (0 additions, 0 deletions, 1 modification)
2023-05-12 13:56:56,178 [INFO] o.a.c.c.StandardService [Thread-17] Stopping service [Tomcat]
2023-05-12 13:56:56,185 [INFO] o.s.o.j.LocalContainerEntityManagerFactoryBean [Thread-17] Closing JPA EntityManagerFactory for persistence unit 'default'
2023-05-12 13:56:56,185 [TRACE] o.h.t.s.TypeConfiguration$Scope [Thread-17] Handling #sessionFactoryClosed from [org.hibernate.internal.SessionFactoryImpl@4f837020] for TypeConfiguration
2023-05-12 13:56:56,185 [DEBUG] o.h.t.s.TypeConfiguration$Scope [Thread-17] Un-scoping TypeConfiguration [org.hibernate.type.spi.TypeConfiguration$Scope@62f3753a] from SessionFactory [org.hibernate.internal.SessionFactoryImpl@4f837020]
2023-05-12 13:56:56,186 [INFO] c.z.h.HikariDataSource [Thread-17] HikariPool-4 - Shutdown initiated...
2023-05-12 13:56:56,193 [INFO] c.z.h.HikariDataSource [Thread-17] HikariPool-4 - Shutdown completed.
2023-05-12 13:56:56,328 [INFO] c.o.Application [restartedMain] Starting Application using Java 17.0.5 with PID 18448 (C:\Users\anilkumar.hugar\sts\OrganizationManagement1.0\target\classes started by anilkumar.hugar in C:\Users\anilkumar.hugar\sts\OrganizationManagement1.0)
2023-05-12 13:56:56,328 [INFO] c.o.Application [restartedMain] No active profile set, falling back to 1 default profile: "default"
2023-05-12 13:56:56,640 [INFO] o.s.d.r.c.RepositoryConfigurationDelegate [restartedMain] Bootstrapping Spring Data JPA repositories in DEFAULT mode.
2023-05-12 13:56:56,660 [INFO] o.s.d.r.c.RepositoryConfigurationDelegate [restartedMain] Finished Spring Data repository scanning in 19 ms. Found 3 JPA repository interfaces.
2023-05-12 13:56:56,832 [INFO] o.s.b.w.e.t.TomcatWebServer [restartedMain] Tomcat initialized with port(s): 9090 (http)
2023-05-12 13:56:56,833 [INFO] o.a.c.c.StandardService [restartedMain] Starting service [Tomcat]
2023-05-12 13:56:56,833 [INFO] o.a.c.c.StandardEngine [restartedMain] Starting Servlet engine: [Apache Tomcat/10.1.5]
2023-05-12 13:56:56,870 [INFO] o.a.c.c.C.[.[.[/] [restartedMain] Initializing Spring embedded WebApplicationContext
2023-05-12 13:56:56,870 [INFO] o.s.b.w.s.c.ServletWebServerApplicationContext [restartedMain] Root WebApplicationContext: initialization completed in 539 ms
2023-05-12 13:56:56,893 [INFO] c.z.h.HikariDataSource [restartedMain] HikariPool-5 - Starting...
2023-05-12 13:56:56,969 [INFO] c.z.h.p.HikariPool [restartedMain] HikariPool-5 - Added connection org.postgresql.jdbc.PgConnection@156935fe
2023-05-12 13:56:56,969 [INFO] c.z.h.HikariDataSource [restartedMain] HikariPool-5 - Start completed.
2023-05-12 13:56:56,969 [INFO] o.s.b.a.h.H2ConsoleAutoConfiguration [restartedMain] H2 console available at '/h2-console'. Database available at 'jdbc:postgresql://localhost:5432/organizationDatabase'
2023-05-12 13:56:57,021 [INFO] o.h.j.i.u.LogHelper [restartedMain] HHH000204: Processing PersistenceUnitInfo [name: default]
2023-05-12 13:56:57,027 [DEBUG] o.h.t.d.j.s.JdbcTypeRegistry [restartedMain] addDescriptor(FloatTypeDescriptor) replaced previous registration(DoubleTypeDescriptor)
2023-05-12 13:56:57,027 [DEBUG] o.h.t.BasicTypeRegistry [restartedMain] Adding type registration boolean -> org.hibernate.type.BasicTypeReference@13da1d83
2023-05-12 13:56:57,027 [DEBUG] o.h.t.BasicTypeRegistry [restartedMain] Adding type registration boolean -> org.hibernate.type.BasicTypeReference@13da1d83
2023-05-12 13:56:57,027 [DEBUG] o.h.t.BasicTypeRegistry [restartedMain] Adding type registration java.lang.Boolean -> org.hibernate.type.BasicTypeReference@13da1d83
2023-05-12 13:56:57,028 [DEBUG] o.h.t.BasicTypeRegistry [restartedMain] Adding type registration numeric_boolean -> org.hibernate.type.BasicTypeReference@75986961
2023-05-12 13:56:57,028 [DEBUG] o.h.t.BasicTypeRegistry [restartedMain] Adding type registration org.hibernate.type.NumericBooleanConverter -> org.hibernate.type.BasicTypeReference@75986961
2023-05-12 13:56:57,028 [DEBUG] o.h.t.BasicTypeRegistry [restartedMain] Adding type registration true_false -> org.hibernate.type.BasicTypeReference@8657758
2023-05-12 13:56:57,028 [DEBUG] o.h.t.BasicTypeRegistry [restartedMain] Adding type registration org.hibernate.type.TrueFalseConverter -> org.hibernate.type.BasicTypeReference@8657758
2023-05-12 13:56:57,028 [DEBUG] o.h.t.BasicTypeRegistry [restartedMain] Adding type registration yes_no -> org.hibernate.type.BasicTypeReference@75056c2d
2023-05-12 13:56:57,028 [DEBUG] o.h.t.BasicTypeRegistry [restartedMain] Adding type registration org.hibernate.type.YesNoConverter -> org.hibernate.type.BasicTypeReference@75056c2d
2023-05-12 13:56:57,028 [DEBUG] o.h.t.BasicTypeRegistry [restartedMain] Adding type registration byte -> org.hibernate.type.BasicTypeReference@3670510b
2023-05-12 13:56:57,028 [DEBUG] o.h.t.BasicTypeRegistry [restartedMain] Adding type registration byte -> org.hibernate.type.BasicTypeReference@3670510b
2023-05-12 13:56:57,028 [DEBUG] o.h.t.BasicTypeRegistry [restartedMain] Adding type registration java.lang.Byte -> org.hibernate.type.BasicTypeReference@3670510b
2023-05-12 13:56:57,028 [DEBUG] o.h.t.BasicTypeRegistry [restartedMain] Adding type registration binary -> org.hibernate.type.BasicTypeReference@15e5c5
2023-05-12 13:56:57,028 [DEBUG] o.h.t.BasicTypeRegistry [restartedMain] Adding type registration byte[] -> org.hibernate.type.BasicTypeReference@15e5c5
2023-05-12 13:56:57,028 [DEBUG] o.h.t.BasicTypeRegistry [restartedMain] Adding type registration [B -> org.hibernate.type.BasicTypeReference@15e5c5
2023-05-12 13:56:57,028 [DEBUG] o.h.t.BasicTypeRegistry [restartedMain] Adding type registration binary_wrapper -> org.hibernate.type.BasicTypeReference@23e99d28
2023-05-12 13:56:57,028 [DEBUG] o.h.t.BasicTypeRegistry [restartedMain] Adding type registration wrapper-binary -> org.hibernate.type.BasicTypeReference@23e99d28
2023-05-12 13:56:57,029 [DEBUG] o.h.t.BasicTypeRegistry [restartedMain] Adding type registration Byte[] -> org.hibernate.type.BasicTypeReference@23e99d28
2023-05-12 13:56:57,029 [DEBUG] o.h.t.BasicTypeRegistry [restartedMain] Adding type registration [Ljava.lang.Byte; -> org.hibernate.type.BasicTypeReference@23e99d28
2023-05-12 13:56:57,029 [DEBUG] o.h.t.BasicTypeRegistry [restartedMain] Adding type registration image -> org.hibernate.type.BasicTypeReference@7dd3e97c
2023-05-12 13:56:57,029 [DEBUG] o.h.t.BasicTypeRegistry [restartedMain] Adding type registration blob -> org.hibernate.type.BasicTypeReference@499f07c4
2023-05-12 13:56:57,029 [DEBUG] o.h.t.BasicTypeRegistry [restartedMain] Adding type registration java.sql.Blob -> org.hibernate.type.BasicTypeReference@499f07c4
2023-05-12 13:56:57,029 [DEBUG] o.h.t.BasicTypeRegistry [restartedMain] Adding type registration materialized_blob -> org.hibernate.type.BasicTypeReference@668bf8ff
2023-05-12 13:56:57,029 [DEBUG] o.h.t.BasicTypeRegistry [restartedMain] Adding type registration materialized_blob_wrapper -> org.hibernate.type.BasicTypeReference@96429db
2023-05-12 13:56:57,029 [DEBUG] o.h.t.BasicTypeRegistry [restartedMain] Adding type registration short -> org.hibernate.type.BasicTypeReference@6b9ea982
2023-05-12 13:56:57,029 [DEBUG] o.h.t.BasicTypeRegistry [restartedMain] Adding type registration short -> org.hibernate.type.BasicTypeReference@6b9ea982
2023-05-12 13:56:57,029 [DEBUG] o.h.t.BasicTypeRegistry [restartedMain] Adding type registration java.lang.Short -> org.hibernate.type.BasicTypeReference@6b9ea982
2023-05-12 13:56:57,029 [DEBUG] o.h.t.BasicTypeRegistry [restartedMain] Adding type registration integer -> org.hibernate.type.BasicTypeReference@5a8e3212
2023-05-12 13:56:57,029 [DEBUG] o.h.t.BasicTypeRegistry [restartedMain] Adding type registration int -> org.hibernate.type.BasicTypeReference@5a8e3212
2023-05-12 13:56:57,029 [DEBUG] o.h.t.BasicTypeRegistry [restartedMain] Adding type registration java.lang.Integer -> org.hibernate.type.BasicTypeReference@5a8e3212
2023-05-12 13:56:57,029 [DEBUG] o.h.t.BasicTypeRegistry [restartedMain] Adding type registration long -> org.hibernate.type.BasicTypeReference@63fb75bc
2023-05-12 13:56:57,029 [DEBUG] o.h.t.BasicTypeRegistry [restartedMain] Adding type registration long -> org.hibernate.type.BasicTypeReference@63fb75bc
2023-05-12 13:56:57,029 [DEBUG] o.h.t.BasicTypeRegistry [restartedMain] Adding type registration java.lang.Long -> org.hibernate.type.BasicTypeReference@63fb75bc
2023-05-12 13:56:57,029 [DEBUG] o.h.t.BasicTypeRegistry [restartedMain] Adding type registration float -> org.hibernate.type.BasicTypeReference@4b79a2e9
2023-05-12 13:56:57,029 [DEBUG] o.h.t.BasicTypeRegistry [restartedMain] Adding type registration float -> org.hibernate.type.BasicTypeReference@4b79a2e9
2023-05-12 13:56:57,029 [DEBUG] o.h.t.BasicTypeRegistry [restartedMain] Adding type registration java.lang.Float -> org.hibernate.type.BasicTypeReference@4b79a2e9
2023-05-12 13:56:57,029 [DEBUG] o.h.t.BasicTypeRegistry [restartedMain] Adding type registration double -> org.hibernate.type.BasicTypeReference@55b5d0bd
2023-05-12 13:56:57,029 [DEBUG] o.h.t.BasicTypeRegistry [restartedMain] Adding type registration double -> org.hibernate.type.BasicTypeReference@55b5d0bd
2023-05-12 13:56:57,029 [DEBUG] o.h.t.BasicTypeRegistry [restartedMain] Adding type registration java.lang.Double -> org.hibernate.type.BasicTypeReference@55b5d0bd
2023-05-12 13:56:57,029 [DEBUG] o.h.t.BasicTypeRegistry [restartedMain] Adding type registration big_integer -> org.hibernate.type.BasicTypeReference@7e8076bb
2023-05-12 13:56:57,029 [DEBUG] o.h.t.BasicTypeRegistry [restartedMain] Adding type registration java.math.BigInteger -> org.hibernate.type.BasicTypeReference@7e8076bb
2023-05-12 13:56:57,029 [DEBUG] o.h.t.BasicTypeRegistry [restartedMain] Adding type registration big_decimal -> org.hibernate.type.BasicTypeReference@466eaa42
2023-05-12 13:56:57,029 [DEBUG] o.h.t.BasicTypeRegistry [restartedMain] Adding type registration java.math.BigDecimal -> org.hibernate.type.BasicTypeReference@466eaa42
2023-05-12 13:56:57,029 [DEBUG] o.h.t.BasicTypeRegistry [restartedMain] Adding type registration character -> org.hibernate.type.BasicTypeReference@4006268c
2023-05-12 13:56:57,030 [DEBUG] o.h.t.BasicTypeRegistry [restartedMain] Adding type registration char -> org.hibernate.type.BasicTypeReference@4006268c
2023-05-12 13:56:57,030 [DEBUG] o.h.t.BasicTypeRegistry [restartedMain] Adding type registration java.lang.Character -> org.hibernate.type.BasicTypeReference@4006268c
2023-05-12 13:56:57,030 [DEBUG] o.h.t.BasicTypeRegistry [restartedMain] Adding type registration character_nchar -> org.hibernate.type.BasicTypeReference@3b4d2609
2023-05-12 13:56:57,030 [DEBUG] o.h.t.BasicTypeRegistry [restartedMain] Adding type registration string -> org.hibernate.type.BasicTypeReference@4685ba75
2023-05-12 13:56:57,030 [DEBUG] o.h.t.BasicTypeRegistry [restartedMain] Adding type registration java.lang.String -> org.hibernate.type.BasicTypeReference@4685ba75
2023-05-12 13:56:57,030 [DEBUG] o.h.t.BasicTypeRegistry [restartedMain] Adding type registration nstring -> org.hibernate.type.BasicTypeReference@758a245d
2023-05-12 13:56:57,030 [DEBUG] o.h.t.BasicTypeRegistry [restartedMain] Adding type registration characters -> org.hibernate.type.BasicTypeReference@4c94e26
2023-05-12 13:56:57,030 [DEBUG] o.h.t.BasicTypeRegistry [restartedMain] Adding type registration char[] -> org.hibernate.type.BasicTypeReference@4c94e26
2023-05-12 13:56:57,030 [DEBUG] o.h.t.BasicTypeRegistry [restartedMain] Adding type registration [C -> org.hibernate.type.BasicTypeReference@4c94e26
2023-05-12 13:56:57,030 [DEBUG] o.h.t.BasicTypeRegistry [restartedMain] Adding type registration wrapper-characters -> org.hibernate.type.BasicTypeReference@56e64dd8
2023-05-12 13:56:57,030 [DEBUG] o.h.t.BasicTypeRegistry [restartedMain] Adding type registration [Ljava.lang.Character; -> org.hibernate.type.BasicTypeReference@56e64dd8
2023-05-12 13:56:57,030 [DEBUG] o.h.t.BasicTypeRegistry [restartedMain] Adding type registration Character[] -> org.hibernate.type.BasicTypeReference@56e64dd8
2023-05-12 13:56:57,030 [DEBUG] o.h.t.BasicTypeRegistry [restartedMain] Adding type registration text -> org.hibernate.type.BasicTypeReference@3d5b1363
2023-05-12 13:56:57,030 [DEBUG] o.h.t.BasicTypeRegistry [restartedMain] Adding type registration ntext -> org.hibernate.type.BasicTypeReference@19577059
2023-05-12 13:56:57,030 [DEBUG] o.h.t.BasicTypeRegistry [restartedMain] Adding type registration clob -> org.hibernate.type.BasicTypeReference@5721a52b
2023-05-12 13:56:57,030 [DEBUG] o.h.t.BasicTypeRegistry [restartedMain] Adding type registration java.sql.Clob -> org.hibernate.type.BasicTypeReference@5721a52b
2023-05-12 13:56:57,030 [DEBUG] o.h.t.BasicTypeRegistry [restartedMain] Adding type registration nclob -> org.hibernate.type.BasicTypeReference@334daa9a
2023-05-12 13:56:57,030 [DEBUG] o.h.t.BasicTypeRegistry [restartedMain] Adding type registration java.sql.NClob -> org.hibernate.type.BasicTypeReference@334daa9a
2023-05-12 13:56:57,030 [DEBUG] o.h.t.BasicTypeRegistry [restartedMain] Adding type registration materialized_clob -> org.hibernate.type.BasicTypeReference@5668779b
2023-05-12 13:56:57,030 [DEBUG] o.h.t.BasicTypeRegistry [restartedMain] Adding type registration materialized_clob_char_array -> org.hibernate.type.BasicTypeReference@749f10b7
2023-05-12 13:56:57,030 [DEBUG] o.h.t.BasicTypeRegistry [restartedMain] Adding type registration materialized_clob_character_array -> org.hibernate.type.BasicTypeReference@2ecdebf2
2023-05-12 13:56:57,030 [DEBUG] o.h.t.BasicTypeRegistry [restartedMain] Adding type registration materialized_nclob -> org.hibernate.type.BasicTypeReference@700a8dcb
2023-05-12 13:56:57,031 [DEBUG] o.h.t.BasicTypeRegistry [restartedMain] Adding type registration materialized_nclob_character_array -> org.hibernate.type.BasicTypeReference@65cbe8fe
2023-05-12 13:56:57,031 [DEBUG] o.h.t.BasicTypeRegistry [restartedMain] Adding type registration materialized_nclob_char_array -> org.hibernate.type.BasicTypeReference@695d4658
2023-05-12 13:56:57,031 [DEBUG] o.h.t.BasicTypeRegistry [restartedMain] Adding type registration Duration -> org.hibernate.type.BasicTypeReference@288ea2fa
2023-05-12 13:56:57,031 [DEBUG] o.h.t.BasicTypeRegistry [restartedMain] Adding type registration java.time.Duration -> org.hibernate.type.BasicTypeReference@288ea2fa
2023-05-12 13:56:57,031 [DEBUG] o.h.t.BasicTypeRegistry [restartedMain] Adding type registration LocalDateTime -> org.hibernate.type.BasicTypeReference@c4e16f5
2023-05-12 13:56:57,031 [DEBUG] o.h.t.BasicTypeRegistry [restartedMain] Adding type registration java.time.LocalDateTime -> org.hibernate.type.BasicTypeReference@c4e16f5
2023-05-12 13:56:57,031 [DEBUG] o.h.t.BasicTypeRegistry [restartedMain] Adding type registration LocalDate -> org.hibernate.type.BasicTypeReference@3678939a
2023-05-12 13:56:57,031 [DEBUG] o.h.t.BasicTypeRegistry [restartedMain] Adding type registration java.time.LocalDate -> org.hibernate.type.BasicTypeReference@3678939a
2023-05-12 13:56:57,031 [DEBUG] o.h.t.BasicTypeRegistry [restartedMain] Adding type registration LocalTime -> org.hibernate.type.BasicTypeReference@35947c8b
2023-05-12 13:56:57,031 [DEBUG] o.h.t.BasicTypeRegistry [restartedMain] Adding type registration java.time.LocalTime -> org.hibernate.type.BasicTypeReference@35947c8b
2023-05-12 13:56:57,031 [DEBUG] o.h.t.BasicTypeRegistry [restartedMain] Adding type registration OffsetDateTime -> org.hibernate.type.BasicTypeReference@685081b1
2023-05-12 13:56:57,031 [DEBUG] o.h.t.BasicTypeRegistry [restartedMain] Adding type registration java.time.OffsetDateTime -> org.hibernate.type.BasicTypeReference@685081b1
2023-05-12 13:56:57,031 [DEBUG] o.h.t.BasicTypeRegistry [restartedMain] Adding type registration OffsetDateTimeWithTimezone -> org.hibernate.type.BasicTypeReference@1455dbf0
2023-05-12 13:56:57,031 [DEBUG] o.h.t.BasicTypeRegistry [restartedMain] Adding type registration OffsetDateTimeWithoutTimezone -> org.hibernate.type.BasicTypeReference@66437ea3
2023-05-12 13:56:57,031 [DEBUG] o.h.t.BasicTypeRegistry [restartedMain] Adding type registration OffsetTime -> org.hibernate.type.BasicTypeReference@702536c4
2023-05-12 13:56:57,031 [DEBUG] o.h.t.BasicTypeRegistry [restartedMain] Adding type registration java.time.OffsetTime -> org.hibernate.type.BasicTypeReference@702536c4
2023-05-12 13:56:57,031 [DEBUG] o.h.t.BasicTypeRegistry [restartedMain] Adding type registration ZonedDateTime -> org.hibernate.type.BasicTypeReference@1c147c78
2023-05-12 13:56:57,032 [DEBUG] o.h.t.BasicTypeRegistry [restartedMain] Adding type registration java.time.ZonedDateTime -> org.hibernate.type.BasicTypeReference@1c147c78
2023-05-12 13:56:57,032 [DEBUG] o.h.t.BasicTypeRegistry [restartedMain] Adding type registration ZonedDateTimeWithTimezone -> org.hibernate.type.BasicTypeReference@2624be51
2023-05-12 13:56:57,032 [DEBUG] o.h.t.BasicTypeRegistry [restartedMain] Adding type registration ZonedDateTimeWithoutTimezone -> org.hibernate.type.BasicTypeReference@5b6f6a50
2023-05-12 13:56:57,032 [DEBUG] o.h.t.BasicTypeRegistry [restartedMain] Adding type registration date -> org.hibernate.type.BasicTypeReference@225f4ef
2023-05-12 13:56:57,032 [DEBUG] o.h.t.BasicTypeRegistry [restartedMain] Adding type registration java.sql.Date -> org.hibernate.type.BasicTypeReference@225f4ef
2023-05-12 13:56:57,032 [DEBUG] o.h.t.BasicTypeRegistry [restartedMain] Adding type registration time -> org.hibernate.type.BasicTypeReference@3dedbf6f
2023-05-12 13:56:57,032 [DEBUG] o.h.t.BasicTypeRegistry [restartedMain] Adding type registration java.sql.Time -> org.hibernate.type.BasicTypeReference@3dedbf6f
2023-05-12 13:56:57,032 [DEBUG] o.h.t.BasicTypeRegistry [restartedMain] Adding type registration timestamp -> org.hibernate.type.BasicTypeReference@3e3858b5
2023-05-12 13:56:57,032 [DEBUG] o.h.t.BasicTypeRegistry [restartedMain] Adding type registration java.sql.Timestamp -> org.hibernate.type.BasicTypeReference@3e3858b5
2023-05-12 13:56:57,032 [DEBUG] o.h.t.BasicTypeRegistry [restartedMain] Adding type registration java.util.Date -> org.hibernate.type.BasicTypeReference@3e3858b5
2023-05-12 13:56:57,032 [DEBUG] o.h.t.BasicTypeRegistry [restartedMain] Adding type registration calendar -> org.hibernate.type.BasicTypeReference@1ea588c8
2023-05-12 13:56:57,032 [DEBUG] o.h.t.BasicTypeRegistry [restartedMain] Adding type registration java.util.Calendar -> org.hibernate.type.BasicTypeReference@1ea588c8
2023-05-12 13:56:57,032 [DEBUG] o.h.t.BasicTypeRegistry [restartedMain] Adding type registration java.util.GregorianCalendar -> org.hibernate.type.BasicTypeReference@1ea588c8
2023-05-12 13:56:57,032 [DEBUG] o.h.t.BasicTypeRegistry [restartedMain] Adding type registration calendar_date -> org.hibernate.type.BasicTypeReference@330a957f
2023-05-12 13:56:57,032 [DEBUG] o.h.t.BasicTypeRegistry [restartedMain] Adding type registration calendar_time -> org.hibernate.type.BasicTypeReference@634c52b6
2023-05-12 13:56:57,032 [DEBUG] o.h.t.BasicTypeRegistry [restartedMain] Adding type registration instant -> org.hibernate.type.BasicTypeReference@1f4d439a
2023-05-12 13:56:57,032 [DEBUG] o.h.t.BasicTypeRegistry [restartedMain] Adding type registration java.time.Instant -> org.hibernate.type.BasicTypeReference@1f4d439a
2023-05-12 13:56:57,032 [DEBUG] o.h.t.BasicTypeRegistry [restartedMain] Adding type registration uuid -> org.hibernate.type.BasicTypeReference@2d1c6b73
2023-05-12 13:56:57,032 [DEBUG] o.h.t.BasicTypeRegistry [restartedMain] Adding type registration java.util.UUID -> org.hibernate.type.BasicTypeReference@2d1c6b73
2023-05-12 13:56:57,032 [DEBUG] o.h.t.BasicTypeRegistry [restartedMain] Adding type registration pg-uuid -> org.hibernate.type.BasicTypeReference@2d1c6b73
2023-05-12 13:56:57,032 [DEBUG] o.h.t.BasicTypeRegistry [restartedMain] Adding type registration uuid-binary -> org.hibernate.type.BasicTypeReference@4a5ab2c2
2023-05-12 13:56:57,032 [DEBUG] o.h.t.BasicTypeRegistry [restartedMain] Adding type registration uuid-char -> org.hibernate.type.BasicTypeReference@4b0280dd
2023-05-12 13:56:57,032 [DEBUG] o.h.t.BasicTypeRegistry [restartedMain] Adding type registration class -> org.hibernate.type.BasicTypeReference@3e265bb4
2023-05-12 13:56:57,032 [DEBUG] o.h.t.BasicTypeRegistry [restartedMain] Adding type registration java.lang.Class -> org.hibernate.type.BasicTypeReference@3e265bb4
2023-05-12 13:56:57,032 [DEBUG] o.h.t.BasicTypeRegistry [restartedMain] Adding type registration currency -> org.hibernate.type.BasicTypeReference@702ff8f0
2023-05-12 13:56:57,032 [DEBUG] o.h.t.BasicTypeRegistry [restartedMain] Adding type registration Currency -> org.hibernate.type.BasicTypeReference@702ff8f0
2023-05-12 13:56:57,032 [DEBUG] o.h.t.BasicTypeRegistry [restartedMain] Adding type registration java.util.Currency -> org.hibernate.type.BasicTypeReference@702ff8f0
2023-05-12 13:56:57,032 [DEBUG] o.h.t.BasicTypeRegistry [restartedMain] Adding type registration locale -> org.hibernate.type.BasicTypeReference@6f7c8895
2023-05-12 13:56:57,033 [DEBUG] o.h.t.BasicTypeRegistry [restartedMain] Adding type registration java.util.Locale -> org.hibernate.type.BasicTypeReference@6f7c8895
2023-05-12 13:56:57,033 [DEBUG] o.h.t.BasicTypeRegistry [restartedMain] Adding type registration serializable -> org.hibernate.type.BasicTypeReference@30a7e9cf
2023-05-12 13:56:57,033 [DEBUG] o.h.t.BasicTypeRegistry [restartedMain] Adding type registration java.io.Serializable -> org.hibernate.type.BasicTypeReference@30a7e9cf
2023-05-12 13:56:57,033 [DEBUG] o.h.t.BasicTypeRegistry [restartedMain] Adding type registration timezone -> org.hibernate.type.BasicTypeReference@3cd0ff94
2023-05-12 13:56:57,033 [DEBUG] o.h.t.BasicTypeRegistry [restartedMain] Adding type registration java.util.TimeZone -> org.hibernate.type.BasicTypeReference@3cd0ff94
2023-05-12 13:56:57,033 [DEBUG] o.h.t.BasicTypeRegistry [restartedMain] Adding type registration ZoneOffset -> org.hibernate.type.BasicTypeReference@33b76886
2023-05-12 13:56:57,033 [DEBUG] o.h.t.BasicTypeRegistry [restartedMain] Adding type registration java.time.ZoneOffset -> org.hibernate.type.BasicTypeReference@33b76886
2023-05-12 13:56:57,033 [DEBUG] o.h.t.BasicTypeRegistry [restartedMain] Adding type registration url -> org.hibernate.type.BasicTypeReference@38046645
2023-05-12 13:56:57,033 [DEBUG] o.h.t.BasicTypeRegistry [restartedMain] Adding type registration java.net.URL -> org.hibernate.type.BasicTypeReference@38046645
2023-05-12 13:56:57,033 [DEBUG] o.h.t.BasicTypeRegistry [restartedMain] Adding type registration row_version -> org.hibernate.type.BasicTypeReference@3762191b
2023-05-12 13:56:57,033 [DEBUG] o.h.t.BasicTypeRegistry [restartedMain] Adding type registration dbtimestamp -> org.hibernate.type.DbTimestampType@92cf4ed
2023-05-12 13:56:57,033 [DEBUG] o.h.t.BasicTypeRegistry [restartedMain] Adding type registration dbtimestamp -> org.hibernate.type.DbTimestampType@92cf4ed
2023-05-12 13:56:57,033 [DEBUG] o.h.t.BasicTypeRegistry [restartedMain] Adding type registration object -> org.hibernate.type.JavaObjectType@bba8e3e
2023-05-12 13:56:57,033 [DEBUG] o.h.t.BasicTypeRegistry [restartedMain] Adding type registration java.lang.Object -> org.hibernate.type.JavaObjectType@bba8e3e
2023-05-12 13:56:57,033 [DEBUG] o.h.t.BasicTypeRegistry [restartedMain] Adding type registration null -> org.hibernate.type.NullType@24f244e8
2023-05-12 13:56:57,033 [DEBUG] o.h.t.BasicTypeRegistry [restartedMain] Adding type registration imm_date -> org.hibernate.type.BasicTypeReference@6eeeea2a
2023-05-12 13:56:57,033 [DEBUG] o.h.t.BasicTypeRegistry [restartedMain] Adding type registration imm_time -> org.hibernate.type.BasicTypeReference@baecd40
2023-05-12 13:56:57,033 [DEBUG] o.h.t.BasicTypeRegistry [restartedMain] Adding type registration imm_timestamp -> org.hibernate.type.BasicTypeReference@68d20aad
2023-05-12 13:56:57,033 [DEBUG] o.h.t.BasicTypeRegistry [restartedMain] Adding type registration imm_calendar -> org.hibernate.type.BasicTypeReference@3408193
2023-05-12 13:56:57,033 [DEBUG] o.h.t.BasicTypeRegistry [restartedMain] Adding type registration imm_calendar_date -> org.hibernate.type.BasicTypeReference@1a66846b
2023-05-12 13:56:57,033 [DEBUG] o.h.t.BasicTypeRegistry [restartedMain] Adding type registration imm_calendar_time -> org.hibernate.type.BasicTypeReference@675f9eaa
2023-05-12 13:56:57,033 [DEBUG] o.h.t.BasicTypeRegistry [restartedMain] Adding type registration imm_binary -> org.hibernate.type.BasicTypeReference@1fa0778e
2023-05-12 13:56:57,033 [DEBUG] o.h.t.BasicTypeRegistry [restartedMain] Adding type registration imm_serializable -> org.hibernate.type.BasicTypeReference@18eb21f0
2023-05-12 13:56:57,049 [INFO] SQL dialect [restartedMain] HHH000400: Using dialect: org.hibernate.dialect.PostgreSQLDialect
2023-05-12 13:56:57,051 [DEBUG] o.h.t.d.s.s.DdlTypeRegistry [restartedMain] addDescriptor(6, org.hibernate.type.descriptor.sql.internal.CapacityDependentDdlType@3131d7d1) replaced previous registration(org.hibernate.type.descriptor.sql.internal.DdlTypeImpl@709494a6)
2023-05-12 13:56:57,051 [DEBUG] o.h.t.d.j.s.JdbcTypeRegistry [restartedMain] addDescriptor(2004, BlobTypeDescriptor(BLOB_BINDING)) replaced previous registration(BlobTypeDescriptor(DEFAULT))
2023-05-12 13:56:57,051 [DEBUG] o.h.t.d.j.s.JdbcTypeRegistry [restartedMain] addDescriptor(2005, ClobTypeDescriptor(CLOB_BINDING)) replaced previous registration(ClobTypeDescriptor(DEFAULT))
2023-05-12 13:56:57,051 [DEBUG] o.h.t.d.j.s.JdbcTypeRegistry [restartedMain] addDescriptor(3003, TimestampUtcDescriptor) replaced previous registration(TimestampUtcDescriptor)
2023-05-12 13:56:57,051 [DEBUG] o.h.t.BasicTypeRegistry [restartedMain] Adding type registration JAVA_OBJECT -> org.hibernate.type.JavaObjectType@43fd2b85
2023-05-12 13:56:57,051 [DEBUG] o.h.t.BasicTypeRegistry [restartedMain] Adding type registration java.lang.Object -> org.hibernate.type.JavaObjectType@43fd2b85
2023-05-12 13:56:57,051 [DEBUG] o.h.t.BasicTypeRegistry [restartedMain] Type registration key [java.lang.Object] overrode previous entry : `org.hibernate.type.JavaObjectType@bba8e3e`
2023-05-12 13:56:57,052 [DEBUG] o.h.t.BasicTypeRegistry [restartedMain] Adding type registration org.hibernate.type.OffsetDateTimeType -> basicType@73(java.time.OffsetDateTime,93)
2023-05-12 13:56:57,053 [DEBUG] o.h.t.BasicTypeRegistry [restartedMain] Adding type registration OffsetDateTime -> basicType@73(java.time.OffsetDateTime,93)
2023-05-12 13:56:57,053 [DEBUG] o.h.t.BasicTypeRegistry [restartedMain] Adding type registration java.time.OffsetDateTime -> basicType@73(java.time.OffsetDateTime,93)
2023-05-12 13:56:57,053 [DEBUG] o.h.t.BasicTypeRegistry [restartedMain] Adding type registration org.hibernate.type.ZonedDateTimeType -> basicType@74(java.time.ZonedDateTime,93)
2023-05-12 13:56:57,053 [DEBUG] o.h.t.BasicTypeRegistry [restartedMain] Adding type registration ZonedDateTime -> basicType@74(java.time.ZonedDateTime,93)
2023-05-12 13:56:57,053 [DEBUG] o.h.t.BasicTypeRegistry [restartedMain] Adding type registration java.time.ZonedDateTime -> basicType@74(java.time.ZonedDateTime,93)
2023-05-12 13:56:57,053 [DEBUG] o.h.t.s.TypeConfiguration$Scope [restartedMain] Scoping TypeConfiguration [org.hibernate.type.spi.TypeConfiguration@6020743d] to MetadataBuildingContext [org.hibernate.boot.internal.MetadataBuildingContextRootImpl@5f10a8b7]
2023-05-12 13:56:57,090 [DEBUG] o.h.t.s.TypeConfiguration$Scope [restartedMain] Scoping TypeConfiguration [org.hibernate.type.spi.TypeConfiguration@6020743d] to SessionFactoryImplementor [org.hibernate.internal.SessionFactoryImpl@30d879cd]
2023-05-12 13:56:57,219 [INFO] o.h.e.t.j.p.i.JtaPlatformInitiator [restartedMain] HHH000490: Using JtaPlatform implementation: [org.hibernate.engine.transaction.jta.platform.internal.NoJtaPlatform]
2023-05-12 13:56:57,219 [TRACE] o.h.t.s.TypeConfiguration$Scope [restartedMain] Handling #sessionFactoryCreated from [org.hibernate.internal.SessionFactoryImpl@30d879cd] for TypeConfiguration
2023-05-12 13:56:57,219 [INFO] o.s.o.j.LocalContainerEntityManagerFactoryBean [restartedMain] Initialized JPA EntityManagerFactory for persistence unit 'default'
2023-05-12 13:56:57,536 [WARN] o.s.b.a.o.j.JpaBaseConfiguration$JpaWebConfiguration [restartedMain] spring.jpa.open-in-view is enabled by default. Therefore, database queries may be performed during view rendering. Explicitly configure spring.jpa.open-in-view to disable this warning
2023-05-12 13:56:58,252 [INFO] o.s.s.w.DefaultSecurityFilterChain [restartedMain] Will secure any request with [org.springframework.security.web.session.DisableEncodeUrlFilter@1ea0e723, org.springframework.security.web.context.request.async.WebAsyncManagerIntegrationFilter@42ad912e, org.springframework.security.web.context.SecurityContextHolderFilter@584935c9, org.springframework.security.web.header.HeaderWriterFilter@23f05546, org.springframework.security.web.authentication.logout.LogoutFilter@38ddab46, com.organizationManagement.jwtConfig.JwtTokenFilter@7390c8e2, org.springframework.security.web.authentication.UsernamePasswordAuthenticationFilter@4b72e290, org.springframework.security.web.authentication.ui.DefaultLoginPageGeneratingFilter@426d963c, org.springframework.security.web.authentication.ui.DefaultLogoutPageGeneratingFilter@2555f569, org.springframework.security.web.savedrequest.RequestCacheAwareFilter@3d6ad8f8, org.springframework.security.web.servletapi.SecurityContextHolderAwareRequestFilter@6396b56d, org.springframework.security.web.authentication.AnonymousAuthenticationFilter@796ff531, org.springframework.security.web.access.ExceptionTranslationFilter@5061c870, org.springframework.security.web.access.intercept.AuthorizationFilter@4044eb71]
2023-05-12 13:56:58,412 [INFO] o.s.b.d.a.OptionalLiveReloadServer [restartedMain] LiveReload server is running on port 35729
2023-05-12 13:56:58,439 [INFO] o.s.b.w.e.t.TomcatWebServer [restartedMain] Tomcat started on port(s): 9090 (http) with context path ''
2023-05-12 13:56:58,447 [INFO] c.o.Application [restartedMain] Started Application in 2.188 seconds (process running for 491.963)
2023-05-12 13:56:58,449 [INFO] o.s.b.d.a.ConditionEvaluationDeltaLoggingListener [restartedMain] Condition evaluation unchanged
2023-05-12 13:57:00,003 [INFO] c.o.s.OrganizationService [scheduling-1] scheduled a method call in organization service for getAllDetails() method with {}Fri May 12 13:57:00 IST 2023
2023-05-12 13:58:00,006 [INFO] c.o.s.OrganizationService [scheduling-1] scheduled a method call in organization service for getAllDetails() method with {}Fri May 12 13:58:00 IST 2023
2023-05-12 13:59:00,001 [INFO] c.o.s.OrganizationService [scheduling-1] scheduled a method call in organization service for getAllDetails() method with {}Fri May 12 13:59:00 IST 2023
2023-05-12 14:00:00,010 [INFO] c.o.s.OrganizationService [scheduling-1] scheduled a method call in organization service for getAllDetails() method with {}Fri May 12 14:00:00 IST 2023
2023-05-12 14:01:00,010 [INFO] c.o.s.OrganizationService [scheduling-1] scheduled a method call in organization service for getAllDetails() method with {}Fri May 12 14:01:00 IST 2023
